2026-07-22 15:24:23,643 - pygls.feature_manager - INFO - Registered builtin feature exit
2026-07-22 15:24:23,644 - pygls.feature_manager - INFO - Registered builtin feature initialize
2026-07-22 15:24:23,644 - pygls.feature_manager - INFO - Registered builtin feature initialized
2026-07-22 15:24:23,644 - pygls.feature_manager - INFO - Registered builtin feature notebookDocument/didChange
2026-07-22 15:24:23,644 - pygls.feature_manager - INFO - Registered builtin feature notebookDocument/didClose
2026-07-22 15:24:23,644 - pygls.feature_manager - INFO - Registered builtin feature notebookDocument/didOpen
2026-07-22 15:24:23,644 - pygls.feature_manager - INFO - Registered builtin feature $/setTrace
2026-07-22 15:24:23,644 - pygls.feature_manager - INFO - Registered builtin feature shutdown
2026-07-22 15:24:23,644 - pygls.feature_manager - INFO - Registered builtin feature textDocument/didChange
2026-07-22 15:24:23,644 - pygls.feature_manager - INFO - Registered builtin feature textDocument/didClose
2026-07-22 15:24:23,644 - pygls.feature_manager - INFO - Registered builtin feature textDocument/didOpen
2026-07-22 15:24:23,644 - pygls.feature_manager - INFO - Registered builtin feature window/workDoneProgress/cancel
2026-07-22 15:24:23,644 - pygls.feature_manager - INFO - Registered builtin feature workspace/didChangeWorkspaceFolders
2026-07-22 15:24:23,644 - pygls.feature_manager - INFO - Registered builtin feature workspace/executeCommand
2026-07-22 15:24:23,644 - kovyl-lsp - INFO - Language Server initialized
2026-07-22 15:24:23,644 - pygls.feature_manager - INFO - Registered "textDocument/didOpen" with options "None"
2026-07-22 15:24:23,644 - pygls.feature_manager - INFO - Registered "textDocument/didSave" with options "None"
2026-07-22 15:24:23,644 - kovyl-lsp - INFO - Starting Language Server IO...
2026-07-22 15:24:23,644 - pygls.server - INFO - Starting async IO server
2026-07-22 15:24:36,253 - pygls.server - INFO - Shutting down the server
2026-07-22 15:30:26,497 - pygls.feature_manager - INFO - Registered builtin feature exit
2026-07-22 15:30:26,497 - pygls.feature_manager - INFO - Registered builtin feature initialize
2026-07-22 15:30:26,497 - pygls.feature_manager - INFO - Registered builtin feature initialized
2026-07-22 15:30:26,497 - pygls.feature_manager - INFO - Registered builtin feature notebookDocument/didChange
2026-07-22 15:30:26,497 - pygls.feature_manager - INFO - Registered builtin feature notebookDocument/didClose
2026-07-22 15:30:26,497 - pygls.feature_manager - INFO - Registered builtin feature notebookDocument/didOpen
2026-07-22 15:30:26,497 - pygls.feature_manager - INFO - Registered builtin feature $/setTrace
2026-07-22 15:30:26,497 - pygls.feature_manager - INFO - Registered builtin feature shutdown
2026-07-22 15:30:26,497 - pygls.feature_manager - INFO - Registered builtin feature textDocument/didChange
2026-07-22 15:30:26,497 - pygls.feature_manager - INFO - Registered builtin feature textDocument/didClose
2026-07-22 15:30:26,497 - pygls.feature_manager - INFO - Registered builtin feature textDocument/didOpen
2026-07-22 15:30:26,497 - pygls.feature_manager - INFO - Registered builtin feature window/workDoneProgress/cancel
2026-07-22 15:30:26,497 - pygls.feature_manager - INFO - Registered builtin feature workspace/didChangeWorkspaceFolders
2026-07-22 15:30:26,497 - pygls.feature_manager - INFO - Registered builtin feature workspace/executeCommand
2026-07-22 15:30:26,497 - kovyl-lsp - INFO - Language Server initialized
2026-07-22 15:30:26,497 - kovyl-lsp - INFO - Linter path: /home/xlebore3o4ka/nimProjects/RawKovyl/build/linter
2026-07-22 15:30:26,497 - pygls.feature_manager - INFO - Registered "textDocument/didOpen" with options "None"
2026-07-22 15:30:26,497 - pygls.feature_manager - INFO - Registered "textDocument/didSave" with options "None"
2026-07-22 15:30:26,497 - kovyl-lsp - INFO - Starting Language Server IO...
2026-07-22 15:30:26,497 - pygls.server - INFO - Starting async IO server
2026-07-22 15:30:27,548 - pygls.server - INFO - Shutting down the server
2026-07-22 15:30:38,161 - pygls.feature_manager - INFO - Registered builtin feature exit
2026-07-22 15:30:38,161 - pygls.feature_manager - INFO - Registered builtin feature initialize
2026-07-22 15:30:38,161 - pygls.feature_manager - INFO - Registered builtin feature initialized
2026-07-22 15:30:38,162 - pygls.feature_manager - INFO - Registered builtin feature notebookDocument/didChange
2026-07-22 15:30:38,162 - pygls.feature_manager - INFO - Registered builtin feature notebookDocument/didClose
2026-07-22 15:30:38,162 - pygls.feature_manager - INFO - Registered builtin feature notebookDocument/didOpen
2026-07-22 15:30:38,162 - pygls.feature_manager - INFO - Registered builtin feature $/setTrace
2026-07-22 15:30:38,162 - pygls.feature_manager - INFO - Registered builtin feature shutdown
2026-07-22 15:30:38,162 - pygls.feature_manager - INFO - Registered builtin feature textDocument/didChange
2026-07-22 15:30:38,162 - pygls.feature_manager - INFO - Registered builtin feature textDocument/didClose
2026-07-22 15:30:38,162 - pygls.feature_manager - INFO - Registered builtin feature textDocument/didOpen
2026-07-22 15:30:38,162 - pygls.feature_manager - INFO - Registered builtin feature window/workDoneProgress/cancel
2026-07-22 15:30:38,162 - pygls.feature_manager - INFO - Registered builtin feature workspace/didChangeWorkspaceFolders
2026-07-22 15:30:38,162 - pygls.feature_manager - INFO - Registered builtin feature workspace/executeCommand
2026-07-22 15:30:38,162 - kovyl-lsp - INFO - Language Server initialized
2026-07-22 15:30:38,162 - kovyl-lsp - INFO - Linter path: /home/xlebore3o4ka/nimProjects/RawKovyl/build/linter
2026-07-22 15:30:38,162 - pygls.feature_manager - INFO - Registered "textDocument/didOpen" with options "None"
2026-07-22 15:30:38,162 - pygls.feature_manager - INFO - Registered "textDocument/didSave" with options "None"
2026-07-22 15:30:38,162 - kovyl-lsp - INFO - Starting Language Server IO...
2026-07-22 15:30:38,162 - pygls.server - INFO - Starting async IO server
2026-07-22 15:30:53,761 - pygls.server - INFO - Shutting down the server
2026-07-22 15:46:18,802 - pygls.feature_manager - INFO - Registered builtin feature exit
2026-07-22 15:46:18,802 - pygls.feature_manager - INFO - Registered builtin feature initialize
2026-07-22 15:46:18,802 - pygls.feature_manager - INFO - Registered builtin feature initialized
2026-07-22 15:46:18,802 - pygls.feature_manager - INFO - Registered builtin feature notebookDocument/didChange
2026-07-22 15:46:18,802 - pygls.feature_manager - INFO - Registered builtin feature notebookDocument/didClose
2026-07-22 15:46:18,802 - pygls.feature_manager - INFO - Registered builtin feature notebookDocument/didOpen
2026-07-22 15:46:18,802 - pygls.feature_manager - INFO - Registered builtin feature $/setTrace
2026-07-22 15:46:18,802 - pygls.feature_manager - INFO - Registered builtin feature shutdown
2026-07-22 15:46:18,802 - pygls.feature_manager - INFO - Registered builtin feature textDocument/didChange
2026-07-22 15:46:18,803 - pygls.feature_manager - INFO - Registered builtin feature textDocument/didClose
2026-07-22 15:46:18,803 - pygls.feature_manager - INFO - Registered builtin feature textDocument/didOpen
2026-07-22 15:46:18,803 - pygls.feature_manager - INFO - Registered builtin feature window/workDoneProgress/cancel
2026-07-22 15:46:18,803 - pygls.feature_manager - INFO - Registered builtin feature workspace/didChangeWorkspaceFolders
2026-07-22 15:46:18,803 - pygls.feature_manager - INFO - Registered builtin feature workspace/executeCommand
2026-07-22 15:46:18,803 - kovyl-lsp - INFO - Language Server initialized
2026-07-22 15:46:18,803 - kovyl-lsp - INFO - Linter path: /home/xlebore3o4ka/nimProjects/RawKovyl/build/linter
2026-07-22 15:46:18,803 - pygls.feature_manager - INFO - Registered "textDocument/didOpen" with options "None"
2026-07-22 15:46:18,803 - pygls.feature_manager - INFO - Registered "textDocument/didSave" with options "None"
2026-07-22 15:46:18,803 - kovyl-lsp - INFO - Starting Language Server IO...
2026-07-22 15:46:18,803 - pygls.server - INFO - Starting async IO server
2026-07-22 15:46:23,496 - pygls.server - INFO - Shutting down the server
