2026-07-22 16:12:40,063 - pygls.protocol.json_rpc - INFO - Sending data: {"id": 2, "jsonrpc": "2.0", "result": null}
2026-07-22 16:12:40,075 - pygls.server - INFO - Shutting down the server
2026-07-22 16:12:40,353 - pygls.feature_manager - INFO - Registered builtin feature exit
2026-07-22 16:12:40,353 - pygls.feature_manager - INFO - Registered builtin feature initialize
2026-07-22 16:12:40,353 - pygls.feature_manager - INFO - Registered builtin feature initialized
2026-07-22 16:12:40,353 - pygls.feature_manager - INFO - Registered builtin feature notebookDocument/didChange
2026-07-22 16:12:40,353 - pygls.feature_manager - INFO - Registered builtin feature notebookDocument/didClose
2026-07-22 16:12:40,353 - pygls.feature_manager - INFO - Registered builtin feature notebookDocument/didOpen
2026-07-22 16:12:40,353 - pygls.feature_manager - INFO - Registered builtin feature $/setTrace
2026-07-22 16:12:40,353 - pygls.feature_manager - INFO - Registered builtin feature shutdown
2026-07-22 16:12:40,353 - pygls.feature_manager - INFO - Registered builtin feature textDocument/didChange
2026-07-22 16:12:40,353 - pygls.feature_manager - INFO - Registered builtin feature textDocument/didClose
2026-07-22 16:12:40,353 - pygls.feature_manager - INFO - Registered builtin feature textDocument/didOpen
2026-07-22 16:12:40,353 - pygls.feature_manager - INFO - Registered builtin feature window/workDoneProgress/cancel
2026-07-22 16:12:40,353 - pygls.feature_manager - INFO - Registered builtin feature workspace/didChangeWorkspaceFolders
2026-07-22 16:12:40,353 - pygls.feature_manager - INFO - Registered builtin feature workspace/executeCommand
2026-07-22 16:12:40,353 - kovyl-lsp - INFO - Language Server initialized
2026-07-22 16:12:40,354 - kovyl-lsp - INFO - Linter path: /home/xlebore3o4ka/nimProjects/RawKovyl/build/linter
2026-07-22 16:12:40,354 - pygls.feature_manager - INFO - Registered "textDocument/didOpen" with options "None"
2026-07-22 16:12:40,354 - pygls.feature_manager - INFO - Registered "textDocument/didSave" with options "None"
2026-07-22 16:12:40,354 - kovyl-lsp - INFO - Starting Language Server IO...
2026-07-22 16:12:40,354 - pygls.server - INFO - Starting async IO server
2026-07-22 16:12:40,379 - pygls.protocol.language_server - INFO - Language server initialized InitializeParams(capabilities=ClientCapabilities(workspace=WorkspaceClientCapabilities(apply_edit=True, workspace_edit=WorkspaceEditClientCapabilities(document_changes=True, resource_operations=(<ResourceOperationKind.Create: 'create'>, <ResourceOperationKind.Rename: 'rename'>, <ResourceOperationKind.Delete: 'delete'>), failure_handling=<FailureHandlingKind.Abort: 'abort'>, normalizes_line_endings=True, change_annotation_support=ChangeAnnotationsSupportOptions(groups_on_label=False), metadata_support=True, snippet_edit_support=True), did_change_configuration=DidChangeConfigurationClientCapabilities(dynamic_registration=True), did_change_watched_files=None, symbol=WorkspaceSymbolClientCapabilities(dynamic_registration=True, symbol_kind=ClientSymbolKindOptions(value_set=(<SymbolKind.File: 1>, <SymbolKind.Module: 2>, <SymbolKind.Namespace: 3>, <SymbolKind.Package: 4>, <SymbolKind.Class: 5>, <SymbolKind.Method: 6>, <SymbolKind.Property: 7>, <SymbolKind.Field: 8>, <SymbolKind.Constructor: 9>, <SymbolKind.Enum: 10>, <SymbolKind.Interface: 11>, <SymbolKind.Function: 12>, <SymbolKind.Variable: 13>, <SymbolKind.Constant: 14>, <SymbolKind.String: 15>, <SymbolKind.Number: 16>, <SymbolKind.Boolean: 17>, <SymbolKind.Array: 18>, <SymbolKind.Object: 19>, <SymbolKind.Key: 20>, <SymbolKind.Null: 21>, <SymbolKind.EnumMember: 22>, <SymbolKind.Struct: 23>, <SymbolKind.Event: 24>, <SymbolKind.Operator: 25>, <SymbolKind.TypeParameter: 26>)), tag_support=ClientSymbolTagOptions(value_set=(<SymbolTag.Deprecated: 1>,)), resolve_support=ClientSymbolResolveOptions(properties=('location.range',))), execute_command=ExecuteCommandClientCapabilities(dynamic_registration=True), workspace_folders=True, configuration=True, semantic_tokens=SemanticTokensWorkspaceClientCapabilities(refresh_support=True), code_lens=CodeLensWorkspaceClientCapabilities(refresh_support=True), file_operations=FileOperationClientCapabilities(dynamic_registration=True, did_create=None, will_create=None, did_rename=True, will_rename=True, did_delete=None, will_delete=None), inline_value=None, inlay_hint=InlayHintWorkspaceClientCapabilities(refresh_support=True), diagnostics=DiagnosticWorkspaceClientCapabilities(refresh_support=True), folding_range=None, text_document_content=TextDocumentContentClientCapabilities(dynamic_registration=True)), text_document=TextDocumentClientCapabilities(synchronization=TextDocumentSyncClientCapabilities(dynamic_registration=True, will_save=True, will_save_wait_until=True, did_save=True), filters=None, completion=CompletionClientCapabilities(dynamic_registration=True, completion_item=ClientCompletionItemOptions(snippet_support=True, commit_characters_support=None, documentation_format=(<MarkupKind.Markdown: 'markdown'>, <MarkupKind.PlainText: 'plaintext'>), deprecated_support=True, preselect_support=None, tag_support=CompletionItemTagOptions(value_set=(<CompletionItemTag.Deprecated: 1>,)), insert_replace_support=True, resolve_support=ClientCompletionItemResolveOptions(properties=('detail', 'documentation', 'additionalTextEdits')), insert_text_mode_support=ClientCompletionItemInsertTextModeOptions(value_set=(<InsertTextMode.AdjustIndentation: 2>,)), label_details_support=True), completion_item_kind=ClientCompletionItemOptionsKind(value_set=(1, 2, 3, 4, 5, 6, 7, 8, 9, 10, 11, 12, 13, 14, 15, 16, 17, 18, 19, 20, 21, 22, 23, 24, 25)), insert_text_mode=<InsertTextMode.AdjustIndentation: 2>, context_support=None, completion_list=CompletionListCapabilities(item_defaults=('editRange', 'insertTextFormat', 'data'), apply_kind_support=None)), hover=HoverClientCapabilities(dynamic_registration=True, content_format=(<MarkupKind.Markdown: 'markdown'>, <MarkupKind.PlainText: 'plaintext'>)), signature_help=SignatureHelpClientCapabilities(dynamic_registration=True, signature_information=ClientSignatureInformationOptions(documentation_format=(<MarkupKind.Markdown: 'markdown'>, <MarkupKind.PlainText: 'plaintext'>), parameter_information=ClientSignatureParameterInformationOptions(label_offset_support=True), active_parameter_support=True, no_active_parameter_support=True), context_support=True), declaration=DeclarationClientCapabilities(dynamic_registration=True, link_support=True), definition=DefinitionClientCapabilities(dynamic_registration=True, link_support=True), type_definition=TypeDefinitionClientCapabilities(dynamic_registration=True, link_support=True), implementation=ImplementationClientCapabilities(dynamic_registration=True, link_support=True), references=ReferenceClientCapabilities(dynamic_registration=True), document_highlight=DocumentHighlightClientCapabilities(dynamic_registration=True), document_symbol=DocumentSymbolClientCapabilities(dynamic_registration=True, symbol_kind=ClientSymbolKindOptions(value_set=(<SymbolKind.File: 1>, <SymbolKind.Module: 2>, <SymbolKind.Namespace: 3>, <SymbolKind.Package: 4>, <SymbolKind.Class: 5>, <SymbolKind.Method: 6>, <SymbolKind.Property: 7>, <SymbolKind.Field: 8>, <SymbolKind.Constructor: 9>, <SymbolKind.Enum: 10>, <SymbolKind.Interface: 11>, <SymbolKind.Function: 12>, <SymbolKind.Variable: 13>, <SymbolKind.Constant: 14>, <SymbolKind.String: 15>, <SymbolKind.Number: 16>, <SymbolKind.Boolean: 17>, <SymbolKind.Array: 18>, <SymbolKind.Object: 19>, <SymbolKind.Key: 20>, <SymbolKind.Null: 21>, <SymbolKind.EnumMember: 22>, <SymbolKind.Struct: 23>, <SymbolKind.Event: 24>, <SymbolKind.Operator: 25>, <SymbolKind.TypeParameter: 26>)), hierarchical_document_symbol_support=True, tag_support=ClientSymbolTagOptions(value_set=(<SymbolTag.Deprecated: 1>,)), label_support=None), code_action=CodeActionClientCapabilities(dynamic_registration=True, code_action_literal_support=ClientCodeActionLiteralOptions(code_action_kind=ClientCodeActionKindOptions(value_set=('quickfix', 'refactor', 'refactor.extract', 'refactor.inline', 'refactor.rewrite', 'source.fixAll', 'source.organizeImports'))), is_preferred_support=True, disabled_support=None, data_support=True, resolve_support=ClientCodeActionResolveOptions(properties=('edit',)), honors_change_annotations=None, documentation_support=None, tag_support=CodeActionTagOptions(value_set=(<CodeActionTag.LlmGenerated: 1>,))), code_lens=CodeLensClientCapabilities(dynamic_registration=True, resolve_support=ClientCodeLensResolveOptions(properties=('command',))), document_link=DocumentLinkClientCapabilities(dynamic_registration=True, tooltip_support=True), color_provider=DocumentColorClientCapabilities(dynamic_registration=True), formatting=DocumentFormattingClientCapabilities(dynamic_registration=True), range_formatting=DocumentRangeFormattingClientCapabilities(dynamic_registration=True, ranges_support=True), on_type_formatting=DocumentOnTypeFormattingClientCapabilities(dynamic_registration=True), rename=RenameClientCapabilities(dynamic_registration=True, prepare_support=True, prepare_support_default_behavior=<PrepareSupportDefaultBehavior.Identifier: 1>, honors_change_annotations=True), folding_range=FoldingRangeClientCapabilities(dynamic_registration=True, range_limit=None, line_folding_only=None, folding_range_kind=ClientFoldingRangeKindOptions(value_set=('comment', 'imports', 'region')), folding_range=None), selection_range=SelectionRangeClientCapabilities(dynamic_registration=True), publish_diagnostics=PublishDiagnosticsClientCapabilities(version_support=True, related_information=True, tag_support=ClientDiagnosticsTagOptions(value_set=(<DiagnosticTag.Unnecessary: 1>, <DiagnosticTag.Deprecated: 2>)), code_description_support=True, data_support=True), call_hierarchy=CallHierarchyClientCapabilities(dynamic_registration=True), semantic_tokens=SemanticTokensClientCapabilities(requests=ClientSemanticTokensRequestOptions(range=True, full=ClientSemanticTokensRequestFullDelta(delta=True)), token_types=('namespace', 'type', 'class', 'enum', 'interface', 'struct', 'typeParameter', 'parameter', 'variable', 'property', 'enumMember', 'event', 'function', 'method', 'macro', 'keyword', 'modifier', 'comment', 'string', 'number', 'regexp', 'operator', 'decorator', 'label'), token_modifiers=('declaration', 'definition', 'readonly', 'static', 'deprecated', 'abstract', 'async', 'modification', 'documentation', 'defaultLibrary'), formats=(<TokenFormat.Relative: 'relative'>,), dynamic_registration=True, overlapping_token_support=False, multiline_token_support=True, server_cancel_support=None, augments_syntax_tokens=True), linked_editing_range=None, moniker=None, type_hierarchy=TypeHierarchyClientCapabilities(dynamic_registration=True), inline_value=None, inlay_hint=InlayHintClientCapabilities(dynamic_registration=True, resolve_support=ClientInlayHintResolveOptions(properties=('textEdits', 'label.command'))), diagnostic=DiagnosticClientCapabilities(dynamic_registration=True, related_document_support=True, related_information=True, tag_support=ClientDiagnosticsTagOptions(value_set=(<DiagnosticTag.Unnecessary: 1>, <DiagnosticTag.Deprecated: 2>)), code_description_support=True, data_support=True), inline_completion=None), notebook_document=None, window=WindowClientCapabilities(work_done_progress=True, show_message=ShowMessageRequestClientCapabilities(message_action_item=ClientShowMessageActionItemOptions(additional_properties_support=True)), show_document=ShowDocumentClientCapabilities(support=True)), general=GeneralClientCapabilities(stale_request_support=StaleRequestSupportOptions(cancel=True, retry_on_content_modified=()), regular_expressions=RegularExpressionsClientCapabilities(engine='ECMAScript', version=None), markdown=MarkdownClientCapabilities(parser='Python-Markdown', version='3.2.2', allowed_tags=None), position_encodings=('utf-16',)), experimental=None), process_id=11867, client_info=ClientInfo(name='Sublime Text LSP', version='2.13.0'), locale='en', root_path='/home/xlebore3o4ka/nimProjects/RawKovyl', root_uri='file:///home/xlebore3o4ka/nimProjects/RawKovyl', initialization_options={}, trace=None, work_done_token=None, workspace_folders=(WorkspaceFolder(uri='file:///home/xlebore3o4ka/nimProjects/RawKovyl', name='RawKovyl'),))
2026-07-22 16:12:40,386 - pygls.protocol.json_rpc - INFO - Sending data: {"id": 1, "jsonrpc": "2.0", "result": {"capabilities": {"positionEncoding": "utf-16", "textDocumentSync": {"openClose": true, "change": 2, "willSave": false, "willSaveWaitUntil": false, "save": true}, "executeCommandProvider": {"commands": []}, "workspace": {"workspaceFolders": {"supported": true, "changeNotifications": true}, "fileOperations": {}}}, "serverInfo": {"name": "RawKovyl-LSP", "version": "0.1.0"}}}
2026-07-22 16:12:40,395 - kovyl-lsp - INFO - Document opened: file:///home/xlebore3o4ka/nimProjects/RawKovyl/examples/test.kvl
2026-07-22 16:12:40,395 - kovyl-lsp - INFO - ls type: <class 'pygls.lsp.server.LanguageServer'>, dir: ['text_document_publish_diagnostics', 'workspace_diagnostic_refresh', 'workspace_diagnostic_refresh_async']
2026-07-22 16:12:40,395 - kovyl-lsp - INFO - Lint requested for file:///home/xlebore3o4ka/nimProjects/RawKovyl/examples/test.kvl
2026-07-22 16:12:40,395 - kovyl-lsp - INFO - Running linter on: /home/xlebore3o4ka/nimProjects/RawKovyl/examples/test.kvl
2026-07-22 16:12:40,396 - kovyl-lsp - INFO - Linter returned 1 errors
2026-07-22 16:12:40,396 - kovyl-lsp - INFO - Sending diagnostics for file:///home/xlebore3o4ka/nimProjects/RawKovyl/examples/test.kvl, errors: 1
2026-07-22 16:12:40,396 - kovyl-lsp - INFO - Publishing 1 diagnostics
2026-07-22 16:12:40,398 - pygls.protocol.json_rpc - INFO - Sending data: {"params": {"type": 1, "message": "Error in server: TypeError: BaseLanguageServer.text_document_publish_diagnostics() takes 2 positional arguments but 3 were given"}, "method": "window/showMessage", "jsonrpc": "2.0"}
2026-07-22 16:13:48,149 - pygls.feature_manager - INFO - Registered builtin feature exit
2026-07-22 16:13:48,149 - pygls.feature_manager - INFO - Registered builtin feature initialize
2026-07-22 16:13:48,149 - pygls.feature_manager - INFO - Registered builtin feature initialized
2026-07-22 16:13:48,149 - pygls.feature_manager - INFO - Registered builtin feature notebookDocument/didChange
2026-07-22 16:13:48,149 - pygls.feature_manager - INFO - Registered builtin feature notebookDocument/didClose
2026-07-22 16:13:48,149 - pygls.feature_manager - INFO - Registered builtin feature notebookDocument/didOpen
2026-07-22 16:13:48,149 - pygls.feature_manager - INFO - Registered builtin feature $/setTrace
2026-07-22 16:13:48,149 - pygls.feature_manager - INFO - Registered builtin feature shutdown
2026-07-22 16:13:48,149 - pygls.feature_manager - INFO - Registered builtin feature textDocument/didChange
2026-07-22 16:13:48,149 - pygls.feature_manager - INFO - Registered builtin feature textDocument/didClose
2026-07-22 16:13:48,149 - pygls.feature_manager - INFO - Registered builtin feature textDocument/didOpen
2026-07-22 16:13:48,149 - pygls.feature_manager - INFO - Registered builtin feature window/workDoneProgress/cancel
2026-07-22 16:13:48,149 - pygls.feature_manager - INFO - Registered builtin feature workspace/didChangeWorkspaceFolders
2026-07-22 16:13:48,149 - pygls.feature_manager - INFO - Registered builtin feature workspace/executeCommand
2026-07-22 16:13:48,149 - kovyl-lsp - INFO - Language Server initialized
2026-07-22 16:13:48,149 - kovyl-lsp - INFO - Linter path: /home/xlebore3o4ka/nimProjects/RawKovyl/build/linter
2026-07-22 16:13:48,149 - pygls.feature_manager - INFO - Registered "textDocument/didOpen" with options "None"
2026-07-22 16:13:48,149 - pygls.feature_manager - INFO - Registered "textDocument/didSave" with options "None"
2026-07-22 16:13:48,149 - kovyl-lsp - INFO - Starting Language Server IO...
2026-07-22 16:13:48,149 - pygls.server - INFO - Starting async IO server
2026-07-22 16:14:01,525 - pygls.protocol.json_rpc - INFO - Sending data: {"id": 2, "jsonrpc": "2.0", "result": null}
2026-07-22 16:14:01,536 - pygls.server - INFO - Shutting down the server
2026-07-22 16:14:01,819 - pygls.feature_manager - INFO - Registered builtin feature exit
2026-07-22 16:14:01,820 - pygls.feature_manager - INFO - Registered builtin feature initialize
2026-07-22 16:14:01,820 - pygls.feature_manager - INFO - Registered builtin feature initialized
2026-07-22 16:14:01,820 - pygls.feature_manager - INFO - Registered builtin feature notebookDocument/didChange
2026-07-22 16:14:01,820 - pygls.feature_manager - INFO - Registered builtin feature notebookDocument/didClose
2026-07-22 16:14:01,820 - pygls.feature_manager - INFO - Registered builtin feature notebookDocument/didOpen
2026-07-22 16:14:01,820 - pygls.feature_manager - INFO - Registered builtin feature $/setTrace
2026-07-22 16:14:01,820 - pygls.feature_manager - INFO - Registered builtin feature shutdown
2026-07-22 16:14:01,820 - pygls.feature_manager - INFO - Registered builtin feature textDocument/didChange
2026-07-22 16:14:01,820 - pygls.feature_manager - INFO - Registered builtin feature textDocument/didClose
2026-07-22 16:14:01,820 - pygls.feature_manager - INFO - Registered builtin feature textDocument/didOpen
2026-07-22 16:14:01,820 - pygls.feature_manager - INFO - Registered builtin feature window/workDoneProgress/cancel
2026-07-22 16:14:01,820 - pygls.feature_manager - INFO - Registered builtin feature workspace/didChangeWorkspaceFolders
2026-07-22 16:14:01,820 - pygls.feature_manager - INFO - Registered builtin feature workspace/executeCommand
2026-07-22 16:14:01,820 - kovyl-lsp - INFO - Language Server initialized
2026-07-22 16:14:01,820 - kovyl-lsp - INFO - Linter path: /home/xlebore3o4ka/nimProjects/RawKovyl/build/linter
2026-07-22 16:14:01,820 - pygls.feature_manager - INFO - Registered "textDocument/didOpen" with options "None"
2026-07-22 16:14:01,820 - pygls.feature_manager - INFO - Registered "textDocument/didSave" with options "None"
2026-07-22 16:14:01,820 - kovyl-lsp - INFO - Starting Language Server IO...
2026-07-22 16:14:01,820 - pygls.server - INFO - Starting async IO server
2026-07-22 16:14:01,845 - pygls.protocol.language_server - INFO - Language server initialized InitializeParams(capabilities=ClientCapabilities(workspace=WorkspaceClientCapabilities(apply_edit=True, workspace_edit=WorkspaceEditClientCapabilities(document_changes=True, resource_operations=(<ResourceOperationKind.Create: 'create'>, <ResourceOperationKind.Rename: 'rename'>, <ResourceOperationKind.Delete: 'delete'>), failure_handling=<FailureHandlingKind.Abort: 'abort'>, normalizes_line_endings=True, change_annotation_support=ChangeAnnotationsSupportOptions(groups_on_label=False), metadata_support=True, snippet_edit_support=True), did_change_configuration=DidChangeConfigurationClientCapabilities(dynamic_registration=True), did_change_watched_files=None, symbol=WorkspaceSymbolClientCapabilities(dynamic_registration=True, symbol_kind=ClientSymbolKindOptions(value_set=(<SymbolKind.File: 1>, <SymbolKind.Module: 2>, <SymbolKind.Namespace: 3>, <SymbolKind.Package: 4>, <SymbolKind.Class: 5>, <SymbolKind.Method: 6>, <SymbolKind.Property: 7>, <SymbolKind.Field: 8>, <SymbolKind.Constructor: 9>, <SymbolKind.Enum: 10>, <SymbolKind.Interface: 11>, <SymbolKind.Function: 12>, <SymbolKind.Variable: 13>, <SymbolKind.Constant: 14>, <SymbolKind.String: 15>, <SymbolKind.Number: 16>, <SymbolKind.Boolean: 17>, <SymbolKind.Array: 18>, <SymbolKind.Object: 19>, <SymbolKind.Key: 20>, <SymbolKind.Null: 21>, <SymbolKind.EnumMember: 22>, <SymbolKind.Struct: 23>, <SymbolKind.Event: 24>, <SymbolKind.Operator: 25>, <SymbolKind.TypeParameter: 26>)), tag_support=ClientSymbolTagOptions(value_set=(<SymbolTag.Deprecated: 1>,)), resolve_support=ClientSymbolResolveOptions(properties=('location.range',))), execute_command=ExecuteCommandClientCapabilities(dynamic_registration=True), workspace_folders=True, configuration=True, semantic_tokens=SemanticTokensWorkspaceClientCapabilities(refresh_support=True), code_lens=CodeLensWorkspaceClientCapabilities(refresh_support=True), file_operations=FileOperationClientCapabilities(dynamic_registration=True, did_create=None, will_create=None, did_rename=True, will_rename=True, did_delete=None, will_delete=None), inline_value=None, inlay_hint=InlayHintWorkspaceClientCapabilities(refresh_support=True), diagnostics=DiagnosticWorkspaceClientCapabilities(refresh_support=True), folding_range=None, text_document_content=TextDocumentContentClientCapabilities(dynamic_registration=True)), text_document=TextDocumentClientCapabilities(synchronization=TextDocumentSyncClientCapabilities(dynamic_registration=True, will_save=True, will_save_wait_until=True, did_save=True), filters=None, completion=CompletionClientCapabilities(dynamic_registration=True, completion_item=ClientCompletionItemOptions(snippet_support=True, commit_characters_support=None, documentation_format=(<MarkupKind.Markdown: 'markdown'>, <MarkupKind.PlainText: 'plaintext'>), deprecated_support=True, preselect_support=None, tag_support=CompletionItemTagOptions(value_set=(<CompletionItemTag.Deprecated: 1>,)), insert_replace_support=True, resolve_support=ClientCompletionItemResolveOptions(properties=('detail', 'documentation', 'additionalTextEdits')), insert_text_mode_support=ClientCompletionItemInsertTextModeOptions(value_set=(<InsertTextMode.AdjustIndentation: 2>,)), label_details_support=True), completion_item_kind=ClientCompletionItemOptionsKind(value_set=(1, 2, 3, 4, 5, 6, 7, 8, 9, 10, 11, 12, 13, 14, 15, 16, 17, 18, 19, 20, 21, 22, 23, 24, 25)), insert_text_mode=<InsertTextMode.AdjustIndentation: 2>, context_support=None, completion_list=CompletionListCapabilities(item_defaults=('editRange', 'insertTextFormat', 'data'), apply_kind_support=None)), hover=HoverClientCapabilities(dynamic_registration=True, content_format=(<MarkupKind.Markdown: 'markdown'>, <MarkupKind.PlainText: 'plaintext'>)), signature_help=SignatureHelpClientCapabilities(dynamic_registration=True, signature_information=ClientSignatureInformationOptions(documentation_format=(<MarkupKind.Markdown: 'markdown'>, <MarkupKind.PlainText: 'plaintext'>), parameter_information=ClientSignatureParameterInformationOptions(label_offset_support=True), active_parameter_support=True, no_active_parameter_support=True), context_support=True), declaration=DeclarationClientCapabilities(dynamic_registration=True, link_support=True), definition=DefinitionClientCapabilities(dynamic_registration=True, link_support=True), type_definition=TypeDefinitionClientCapabilities(dynamic_registration=True, link_support=True), implementation=ImplementationClientCapabilities(dynamic_registration=True, link_support=True), references=ReferenceClientCapabilities(dynamic_registration=True), document_highlight=DocumentHighlightClientCapabilities(dynamic_registration=True), document_symbol=DocumentSymbolClientCapabilities(dynamic_registration=True, symbol_kind=ClientSymbolKindOptions(value_set=(<SymbolKind.File: 1>, <SymbolKind.Module: 2>, <SymbolKind.Namespace: 3>, <SymbolKind.Package: 4>, <SymbolKind.Class: 5>, <SymbolKind.Method: 6>, <SymbolKind.Property: 7>, <SymbolKind.Field: 8>, <SymbolKind.Constructor: 9>, <SymbolKind.Enum: 10>, <SymbolKind.Interface: 11>, <SymbolKind.Function: 12>, <SymbolKind.Variable: 13>, <SymbolKind.Constant: 14>, <SymbolKind.String: 15>, <SymbolKind.Number: 16>, <SymbolKind.Boolean: 17>, <SymbolKind.Array: 18>, <SymbolKind.Object: 19>, <SymbolKind.Key: 20>, <SymbolKind.Null: 21>, <SymbolKind.EnumMember: 22>, <SymbolKind.Struct: 23>, <SymbolKind.Event: 24>, <SymbolKind.Operator: 25>, <SymbolKind.TypeParameter: 26>)), hierarchical_document_symbol_support=True, tag_support=ClientSymbolTagOptions(value_set=(<SymbolTag.Deprecated: 1>,)), label_support=None), code_action=CodeActionClientCapabilities(dynamic_registration=True, code_action_literal_support=ClientCodeActionLiteralOptions(code_action_kind=ClientCodeActionKindOptions(value_set=('quickfix', 'refactor', 'refactor.extract', 'refactor.inline', 'refactor.rewrite', 'source.fixAll', 'source.organizeImports'))), is_preferred_support=True, disabled_support=None, data_support=True, resolve_support=ClientCodeActionResolveOptions(properties=('edit',)), honors_change_annotations=None, documentation_support=None, tag_support=CodeActionTagOptions(value_set=(<CodeActionTag.LlmGenerated: 1>,))), code_lens=CodeLensClientCapabilities(dynamic_registration=True, resolve_support=ClientCodeLensResolveOptions(properties=('command',))), document_link=DocumentLinkClientCapabilities(dynamic_registration=True, tooltip_support=True), color_provider=DocumentColorClientCapabilities(dynamic_registration=True), formatting=DocumentFormattingClientCapabilities(dynamic_registration=True), range_formatting=DocumentRangeFormattingClientCapabilities(dynamic_registration=True, ranges_support=True), on_type_formatting=DocumentOnTypeFormattingClientCapabilities(dynamic_registration=True), rename=RenameClientCapabilities(dynamic_registration=True, prepare_support=True, prepare_support_default_behavior=<PrepareSupportDefaultBehavior.Identifier: 1>, honors_change_annotations=True), folding_range=FoldingRangeClientCapabilities(dynamic_registration=True, range_limit=None, line_folding_only=None, folding_range_kind=ClientFoldingRangeKindOptions(value_set=('comment', 'imports', 'region')), folding_range=None), selection_range=SelectionRangeClientCapabilities(dynamic_registration=True), publish_diagnostics=PublishDiagnosticsClientCapabilities(version_support=True, related_information=True, tag_support=ClientDiagnosticsTagOptions(value_set=(<DiagnosticTag.Unnecessary: 1>, <DiagnosticTag.Deprecated: 2>)), code_description_support=True, data_support=True), call_hierarchy=CallHierarchyClientCapabilities(dynamic_registration=True), semantic_tokens=SemanticTokensClientCapabilities(requests=ClientSemanticTokensRequestOptions(range=True, full=ClientSemanticTokensRequestFullDelta(delta=True)), token_types=('namespace', 'type', 'class', 'enum', 'interface', 'struct', 'typeParameter', 'parameter', 'variable', 'property', 'enumMember', 'event', 'function', 'method', 'macro', 'keyword', 'modifier', 'comment', 'string', 'number', 'regexp', 'operator', 'decorator', 'label'), token_modifiers=('declaration', 'definition', 'readonly', 'static', 'deprecated', 'abstract', 'async', 'modification', 'documentation', 'defaultLibrary'), formats=(<TokenFormat.Relative: 'relative'>,), dynamic_registration=True, overlapping_token_support=False, multiline_token_support=True, server_cancel_support=None, augments_syntax_tokens=True), linked_editing_range=None, moniker=None, type_hierarchy=TypeHierarchyClientCapabilities(dynamic_registration=True), inline_value=None, inlay_hint=InlayHintClientCapabilities(dynamic_registration=True, resolve_support=ClientInlayHintResolveOptions(properties=('textEdits', 'label.command'))), diagnostic=DiagnosticClientCapabilities(dynamic_registration=True, related_document_support=True, related_information=True, tag_support=ClientDiagnosticsTagOptions(value_set=(<DiagnosticTag.Unnecessary: 1>, <DiagnosticTag.Deprecated: 2>)), code_description_support=True, data_support=True), inline_completion=None), notebook_document=None, window=WindowClientCapabilities(work_done_progress=True, show_message=ShowMessageRequestClientCapabilities(message_action_item=ClientShowMessageActionItemOptions(additional_properties_support=True)), show_document=ShowDocumentClientCapabilities(support=True)), general=GeneralClientCapabilities(stale_request_support=StaleRequestSupportOptions(cancel=True, retry_on_content_modified=()), regular_expressions=RegularExpressionsClientCapabilities(engine='ECMAScript', version=None), markdown=MarkdownClientCapabilities(parser='Python-Markdown', version='3.2.2', allowed_tags=None), position_encodings=('utf-16',)), experimental=None), process_id=11867, client_info=ClientInfo(name='Sublime Text LSP', version='2.13.0'), locale='en', root_path='/home/xlebore3o4ka/nimProjects/RawKovyl', root_uri='file:///home/xlebore3o4ka/nimProjects/RawKovyl', initialization_options={}, trace=None, work_done_token=None, workspace_folders=(WorkspaceFolder(uri='file:///home/xlebore3o4ka/nimProjects/RawKovyl', name='RawKovyl'),))
2026-07-22 16:14:01,852 - pygls.protocol.json_rpc - INFO - Sending data: {"id": 1, "jsonrpc": "2.0", "result": {"capabilities": {"positionEncoding": "utf-16", "textDocumentSync": {"openClose": true, "change": 2, "willSave": false, "willSaveWaitUntil": false, "save": true}, "executeCommandProvider": {"commands": []}, "workspace": {"workspaceFolders": {"supported": true, "changeNotifications": true}, "fileOperations": {}}}, "serverInfo": {"name": "RawKovyl-LSP", "version": "0.1.0"}}}
2026-07-22 16:14:01,861 - kovyl-lsp - INFO - Document opened: file:///home/xlebore3o4ka/nimProjects/RawKovyl/examples/test.kvl
2026-07-22 16:14:01,862 - kovyl-lsp - INFO - ls type: <class 'pygls.lsp.server.LanguageServer'>, dir: ['text_document_publish_diagnostics', 'workspace_diagnostic_refresh', 'workspace_diagnostic_refresh_async']
2026-07-22 16:14:01,862 - kovyl-lsp - INFO - Lint requested for file:///home/xlebore3o4ka/nimProjects/RawKovyl/examples/test.kvl
2026-07-22 16:14:01,862 - kovyl-lsp - INFO - Running linter on: /home/xlebore3o4ka/nimProjects/RawKovyl/examples/test.kvl
2026-07-22 16:14:01,863 - kovyl-lsp - INFO - Linter returned 1 errors
2026-07-22 16:14:01,863 - kovyl-lsp - INFO - Sending diagnostics for file:///home/xlebore3o4ka/nimProjects/RawKovyl/examples/test.kvl, errors: 1
2026-07-22 16:14:01,863 - kovyl-lsp - INFO - Publishing 1 diagnostics
2026-07-22 16:14:01,865 - pygls.protocol.json_rpc - INFO - Sending data: {"params": {"uri": "file:///home/xlebore3o4ka/nimProjects/RawKovyl/examples/test.kvl", "diagnostics": [{"range": {"start": {"line": 7, "character": 24}, "end": {"line": 7, "character": 25}}, "message": "Expected statement, got identifier", "severity": 1, "code": 181, "source": "kovyl"}]}, "method": "textDocument/publishDiagnostics", "jsonrpc": "2.0"}
2026-07-22 16:14:01,865 - kovyl-lsp - INFO - Lint completed for file:///home/xlebore3o4ka/nimProjects/RawKovyl/examples/test.kvl
2026-07-22 16:14:05,393 - kovyl-lsp - INFO - Document saved: file:///home/xlebore3o4ka/nimProjects/RawKovyl/examples/test.kvl
2026-07-22 16:14:05,393 - kovyl-lsp - INFO - Lint requested for file:///home/xlebore3o4ka/nimProjects/RawKovyl/examples/test.kvl
2026-07-22 16:14:05,393 - kovyl-lsp - INFO - Running linter on: /home/xlebore3o4ka/nimProjects/RawKovyl/examples/test.kvl
2026-07-22 16:14:05,395 - kovyl-lsp - INFO - Linter returned 3 errors
2026-07-22 16:14:05,395 - kovyl-lsp - INFO - Sending diagnostics for file:///home/xlebore3o4ka/nimProjects/RawKovyl/examples/test.kvl, errors: 3
2026-07-22 16:14:05,395 - kovyl-lsp - INFO - Publishing 3 diagnostics
2026-07-22 16:14:05,395 - pygls.protocol.json_rpc - INFO - Sending data: {"params": {"uri": "file:///home/xlebore3o4ka/nimProjects/RawKovyl/examples/test.kvl", "diagnostics": [{"range": {"start": {"line": 7, "character": 9}, "end": {"line": 7, "character": 17}}, "message": "Undeclared symbol 'greeting'", "severity": 1, "code": 166, "source": "kovyl"}, {"range": {"start": {"line": 7, "character": 17}, "end": {"line": 7, "character": 18}}, "message": "Type mismatch (expected (T, ...) -> T, got undefined)", "severity": 1, "code": 174, "source": "kovyl"}, {"range": {"start": {"line": 7, "character": 17}, "end": {"line": 7, "character": 18}}, "message": "Type mismatch (expected char@, got undefined)", "severity": 1, "code": 174, "source": "kovyl"}]}, "method": "textDocument/publishDiagnostics", "jsonrpc": "2.0"}
2026-07-22 16:14:05,395 - kovyl-lsp - INFO - Lint completed for file:///home/xlebore3o4ka/nimProjects/RawKovyl/examples/test.kvl
2026-07-22 16:14:05,933 - kovyl-lsp - INFO - Document saved: file:///home/xlebore3o4ka/nimProjects/RawKovyl/examples/test.kvl
2026-07-22 16:14:05,933 - kovyl-lsp - INFO - Lint requested for file:///home/xlebore3o4ka/nimProjects/RawKovyl/examples/test.kvl
2026-07-22 16:14:05,933 - kovyl-lsp - INFO - Running linter on: /home/xlebore3o4ka/nimProjects/RawKovyl/examples/test.kvl
2026-07-22 16:14:05,934 - kovyl-lsp - INFO - Linter returned 3 errors
2026-07-22 16:14:05,934 - kovyl-lsp - INFO - Sending diagnostics for file:///home/xlebore3o4ka/nimProjects/RawKovyl/examples/test.kvl, errors: 3
2026-07-22 16:14:05,934 - kovyl-lsp - INFO - Publishing 3 diagnostics
2026-07-22 16:14:05,934 - pygls.protocol.json_rpc - INFO - Sending data: {"params": {"uri": "file:///home/xlebore3o4ka/nimProjects/RawKovyl/examples/test.kvl", "diagnostics": [{"range": {"start": {"line": 7, "character": 9}, "end": {"line": 7, "character": 17}}, "message": "Undeclared symbol 'greeting'", "severity": 1, "code": 166, "source": "kovyl"}, {"range": {"start": {"line": 7, "character": 17}, "end": {"line": 7, "character": 18}}, "message": "Type mismatch (expected (T, ...) -> T, got undefined)", "severity": 1, "code": 174, "source": "kovyl"}, {"range": {"start": {"line": 7, "character": 17}, "end": {"line": 7, "character": 18}}, "message": "Type mismatch (expected char@, got undefined)", "severity": 1, "code": 174, "source": "kovyl"}]}, "method": "textDocument/publishDiagnostics", "jsonrpc": "2.0"}
2026-07-22 16:14:05,934 - kovyl-lsp - INFO - Lint completed for file:///home/xlebore3o4ka/nimProjects/RawKovyl/examples/test.kvl
2026-07-22 16:14:08,117 - kovyl-lsp - INFO - Document saved: file:///home/xlebore3o4ka/nimProjects/RawKovyl/examples/test.kvl
2026-07-22 16:14:08,117 - kovyl-lsp - INFO - Lint requested for file:///home/xlebore3o4ka/nimProjects/RawKovyl/examples/test.kvl
2026-07-22 16:14:08,117 - kovyl-lsp - INFO - Running linter on: /home/xlebore3o4ka/nimProjects/RawKovyl/examples/test.kvl
2026-07-22 16:14:08,118 - kovyl-lsp - INFO - Linter returned 0 errors
2026-07-22 16:14:08,118 - kovyl-lsp - INFO - Sending diagnostics for file:///home/xlebore3o4ka/nimProjects/RawKovyl/examples/test.kvl, errors: None
2026-07-22 16:14:08,118 - kovyl-lsp - INFO - Publishing 0 diagnostics
2026-07-22 16:14:08,118 - pygls.protocol.json_rpc - INFO - Sending data: {"params": {"uri": "file:///home/xlebore3o4ka/nimProjects/RawKovyl/examples/test.kvl", "diagnostics": []}, "method": "textDocument/publishDiagnostics", "jsonrpc": "2.0"}
2026-07-22 16:14:08,118 - kovyl-lsp - INFO - Lint completed for file:///home/xlebore3o4ka/nimProjects/RawKovyl/examples/test.kvl
2026-07-22 16:14:16,248 - kovyl-lsp - INFO - Document saved: file:///home/xlebore3o4ka/nimProjects/RawKovyl/examples/test.kvl
2026-07-22 16:14:16,248 - kovyl-lsp - INFO - Lint requested for file:///home/xlebore3o4ka/nimProjects/RawKovyl/examples/test.kvl
2026-07-22 16:14:16,248 - kovyl-lsp - INFO - Running linter on: /home/xlebore3o4ka/nimProjects/RawKovyl/examples/test.kvl
2026-07-22 16:14:16,249 - kovyl-lsp - INFO - Linter returned 3 errors
2026-07-22 16:14:16,249 - kovyl-lsp - INFO - Sending diagnostics for file:///home/xlebore3o4ka/nimProjects/RawKovyl/examples/test.kvl, errors: 3
2026-07-22 16:14:16,249 - kovyl-lsp - INFO - Publishing 3 diagnostics
2026-07-22 16:14:16,249 - pygls.protocol.json_rpc - INFO - Sending data: {"params": {"uri": "file:///home/xlebore3o4ka/nimProjects/RawKovyl/examples/test.kvl", "diagnostics": [{"range": {"start": {"line": 7, "character": 9}, "end": {"line": 7, "character": 17}}, "message": "Undeclared symbol 'greeting'", "severity": 1, "code": 166, "source": "kovyl"}, {"range": {"start": {"line": 7, "character": 17}, "end": {"line": 7, "character": 18}}, "message": "Type mismatch (expected (T, ...) -> T, got undefined)", "severity": 1, "code": 174, "source": "kovyl"}, {"range": {"start": {"line": 7, "character": 17}, "end": {"line": 7, "character": 18}}, "message": "Type mismatch (expected char@, got undefined)", "severity": 1, "code": 174, "source": "kovyl"}]}, "method": "textDocument/publishDiagnostics", "jsonrpc": "2.0"}
2026-07-22 16:14:16,249 - kovyl-lsp - INFO - Lint completed for file:///home/xlebore3o4ka/nimProjects/RawKovyl/examples/test.kvl
2026-07-22 16:15:08,774 - kovyl-lsp - INFO - Document saved: file:///home/xlebore3o4ka/nimProjects/RawKovyl/examples/test.kvl
2026-07-22 16:15:08,774 - kovyl-lsp - INFO - Lint requested for file:///home/xlebore3o4ka/nimProjects/RawKovyl/examples/test.kvl
2026-07-22 16:15:08,774 - kovyl-lsp - INFO - Running linter on: /home/xlebore3o4ka/nimProjects/RawKovyl/examples/test.kvl
2026-07-22 16:15:08,775 - kovyl-lsp - INFO - Linter returned 0 errors
2026-07-22 16:15:08,775 - kovyl-lsp - INFO - Sending diagnostics for file:///home/xlebore3o4ka/nimProjects/RawKovyl/examples/test.kvl, errors: None
2026-07-22 16:15:08,775 - kovyl-lsp - INFO - Publishing 0 diagnostics
2026-07-22 16:15:08,775 - pygls.protocol.json_rpc - INFO - Sending data: {"params": {"uri": "file:///home/xlebore3o4ka/nimProjects/RawKovyl/examples/test.kvl", "diagnostics": []}, "method": "textDocument/publishDiagnostics", "jsonrpc": "2.0"}
2026-07-22 16:15:08,776 - kovyl-lsp - INFO - Lint completed for file:///home/xlebore3o4ka/nimProjects/RawKovyl/examples/test.kvl
2026-07-22 16:15:10,518 - kovyl-lsp - INFO - Document saved: file:///home/xlebore3o4ka/nimProjects/RawKovyl/examples/test.kvl
2026-07-22 16:15:10,518 - kovyl-lsp - INFO - Lint requested for file:///home/xlebore3o4ka/nimProjects/RawKovyl/examples/test.kvl
2026-07-22 16:15:10,518 - kovyl-lsp - INFO - Running linter on: /home/xlebore3o4ka/nimProjects/RawKovyl/examples/test.kvl
2026-07-22 16:15:10,519 - kovyl-lsp - INFO - Linter returned 0 errors
2026-07-22 16:15:10,519 - kovyl-lsp - INFO - Sending diagnostics for file:///home/xlebore3o4ka/nimProjects/RawKovyl/examples/test.kvl, errors: None
2026-07-22 16:15:10,519 - kovyl-lsp - INFO - Publishing 0 diagnostics
2026-07-22 16:15:10,519 - pygls.protocol.json_rpc - INFO - Sending data: {"params": {"uri": "file:///home/xlebore3o4ka/nimProjects/RawKovyl/examples/test.kvl", "diagnostics": []}, "method": "textDocument/publishDiagnostics", "jsonrpc": "2.0"}
2026-07-22 16:15:10,519 - kovyl-lsp - INFO - Lint completed for file:///home/xlebore3o4ka/nimProjects/RawKovyl/examples/test.kvl
2026-07-22 16:15:14,645 - kovyl-lsp - INFO - Document saved: file:///home/xlebore3o4ka/nimProjects/RawKovyl/examples/test.kvl
2026-07-22 16:15:14,645 - kovyl-lsp - INFO - Lint requested for file:///home/xlebore3o4ka/nimProjects/RawKovyl/examples/test.kvl
2026-07-22 16:15:14,645 - kovyl-lsp - INFO - Running linter on: /home/xlebore3o4ka/nimProjects/RawKovyl/examples/test.kvl
2026-07-22 16:15:14,645 - kovyl-lsp - INFO - Linter returned 3 errors
2026-07-22 16:15:14,646 - kovyl-lsp - INFO - Sending diagnostics for file:///home/xlebore3o4ka/nimProjects/RawKovyl/examples/test.kvl, errors: 3
2026-07-22 16:15:14,646 - kovyl-lsp - INFO - Publishing 3 diagnostics
2026-07-22 16:15:14,646 - pygls.protocol.json_rpc - INFO - Sending data: {"params": {"uri": "file:///home/xlebore3o4ka/nimProjects/RawKovyl/examples/test.kvl", "diagnostics": [{"range": {"start": {"line": 0, "character": 6}, "end": {"line": 0, "character": 7}}, "message": "Expected identifier, got end of file", "severity": 1, "code": 6, "source": "kovyl"}, {"range": {"start": {"line": 0, "character": 6}, "end": {"line": 0, "character": 7}}, "message": "Expected equal operator '=', got end of file", "severity": 1, "code": 6, "source": "kovyl"}, {"range": {"start": {"line": 0, "character": 6}, "end": {"line": 0, "character": 7}}, "message": "Expected string literal, got end of file", "severity": 1, "code": 6, "source": "kovyl"}]}, "method": "textDocument/publishDiagnostics", "jsonrpc": "2.0"}
2026-07-22 16:15:14,646 - kovyl-lsp - INFO - Lint completed for file:///home/xlebore3o4ka/nimProjects/RawKovyl/examples/test.kvl
2026-07-22 16:15:15,535 - kovyl-lsp - INFO - Document saved: file:///home/xlebore3o4ka/nimProjects/RawKovyl/examples/test.kvl
2026-07-22 16:15:15,535 - kovyl-lsp - INFO - Lint requested for file:///home/xlebore3o4ka/nimProjects/RawKovyl/examples/test.kvl
2026-07-22 16:15:15,535 - kovyl-lsp - INFO - Running linter on: /home/xlebore3o4ka/nimProjects/RawKovyl/examples/test.kvl
2026-07-22 16:15:15,536 - kovyl-lsp - INFO - Linter returned 3 errors
2026-07-22 16:15:15,536 - kovyl-lsp - INFO - Sending diagnostics for file:///home/xlebore3o4ka/nimProjects/RawKovyl/examples/test.kvl, errors: 3
2026-07-22 16:15:15,536 - kovyl-lsp - INFO - Publishing 3 diagnostics
2026-07-22 16:15:15,536 - pygls.protocol.json_rpc - INFO - Sending data: {"params": {"uri": "file:///home/xlebore3o4ka/nimProjects/RawKovyl/examples/test.kvl", "diagnostics": [{"range": {"start": {"line": 0, "character": 7}, "end": {"line": 0, "character": 8}}, "message": "Expected identifier, got end of file", "severity": 1, "code": 7, "source": "kovyl"}, {"range": {"start": {"line": 0, "character": 7}, "end": {"line": 0, "character": 8}}, "message": "Expected equal operator '=', got end of file", "severity": 1, "code": 7, "source": "kovyl"}, {"range": {"start": {"line": 0, "character": 7}, "end": {"line": 0, "character": 8}}, "message": "Expected string literal, got end of file", "severity": 1, "code": 7, "source": "kovyl"}]}, "method": "textDocument/publishDiagnostics", "jsonrpc": "2.0"}
2026-07-22 16:15:15,536 - kovyl-lsp - INFO - Lint completed for file:///home/xlebore3o4ka/nimProjects/RawKovyl/examples/test.kvl
2026-07-22 16:15:16,341 - kovyl-lsp - INFO - Document saved: file:///home/xlebore3o4ka/nimProjects/RawKovyl/examples/test.kvl
2026-07-22 16:15:16,342 - kovyl-lsp - INFO - Lint requested for file:///home/xlebore3o4ka/nimProjects/RawKovyl/examples/test.kvl
2026-07-22 16:15:16,342 - kovyl-lsp - INFO - Running linter on: /home/xlebore3o4ka/nimProjects/RawKovyl/examples/test.kvl
2026-07-22 16:15:16,342 - kovyl-lsp - INFO - Linter returned 2 errors
2026-07-22 16:15:16,343 - kovyl-lsp - INFO - Sending diagnostics for file:///home/xlebore3o4ka/nimProjects/RawKovyl/examples/test.kvl, errors: 2
2026-07-22 16:15:16,343 - kovyl-lsp - INFO - Publishing 2 diagnostics
2026-07-22 16:15:16,343 - pygls.protocol.json_rpc - INFO - Sending data: {"params": {"uri": "file:///home/xlebore3o4ka/nimProjects/RawKovyl/examples/test.kvl", "diagnostics": [{"range": {"start": {"line": 0, "character": 10}, "end": {"line": 0, "character": 11}}, "message": "Expected equal operator '=', got end of file", "severity": 1, "code": 10, "source": "kovyl"}, {"range": {"start": {"line": 0, "character": 10}, "end": {"line": 0, "character": 11}}, "message": "Expected string literal, got end of file", "severity": 1, "code": 10, "source": "kovyl"}]}, "method": "textDocument/publishDiagnostics", "jsonrpc": "2.0"}
2026-07-22 16:15:16,343 - kovyl-lsp - INFO - Lint completed for file:///home/xlebore3o4ka/nimProjects/RawKovyl/examples/test.kvl
2026-07-22 16:15:17,436 - kovyl-lsp - INFO - Document saved: file:///home/xlebore3o4ka/nimProjects/RawKovyl/examples/test.kvl
2026-07-22 16:15:17,437 - kovyl-lsp - INFO - Lint requested for file:///home/xlebore3o4ka/nimProjects/RawKovyl/examples/test.kvl
2026-07-22 16:15:17,437 - kovyl-lsp - INFO - Running linter on: /home/xlebore3o4ka/nimProjects/RawKovyl/examples/test.kvl
2026-07-22 16:15:17,438 - kovyl-lsp - INFO - Linter returned 1 errors
2026-07-22 16:15:17,438 - kovyl-lsp - INFO - Sending diagnostics for file:///home/xlebore3o4ka/nimProjects/RawKovyl/examples/test.kvl, errors: 1
2026-07-22 16:15:17,438 - kovyl-lsp - INFO - Publishing 1 diagnostics
2026-07-22 16:15:17,438 - pygls.protocol.json_rpc - INFO - Sending data: {"params": {"uri": "file:///home/xlebore3o4ka/nimProjects/RawKovyl/examples/test.kvl", "diagnostics": [{"range": {"start": {"line": 0, "character": 13}, "end": {"line": 0, "character": 14}}, "message": "Expected string literal, got end of file", "severity": 1, "code": 13, "source": "kovyl"}]}, "method": "textDocument/publishDiagnostics", "jsonrpc": "2.0"}
2026-07-22 16:15:17,438 - kovyl-lsp - INFO - Lint completed for file:///home/xlebore3o4ka/nimProjects/RawKovyl/examples/test.kvl
2026-07-22 16:15:18,390 - kovyl-lsp - INFO - Document saved: file:///home/xlebore3o4ka/nimProjects/RawKovyl/examples/test.kvl
2026-07-22 16:15:18,390 - kovyl-lsp - INFO - Lint requested for file:///home/xlebore3o4ka/nimProjects/RawKovyl/examples/test.kvl
2026-07-22 16:15:18,390 - kovyl-lsp - INFO - Running linter on: /home/xlebore3o4ka/nimProjects/RawKovyl/examples/test.kvl
2026-07-22 16:15:18,391 - kovyl-lsp - WARNING - Linter returned empty output
2026-07-22 16:15:18,391 - kovyl-lsp - INFO - Sending diagnostics for file:///home/xlebore3o4ka/nimProjects/RawKovyl/examples/test.kvl, errors: None
2026-07-22 16:15:18,391 - kovyl-lsp - INFO - Publishing 0 diagnostics
2026-07-22 16:15:18,391 - pygls.protocol.json_rpc - INFO - Sending data: {"params": {"uri": "file:///home/xlebore3o4ka/nimProjects/RawKovyl/examples/test.kvl", "diagnostics": []}, "method": "textDocument/publishDiagnostics", "jsonrpc": "2.0"}
2026-07-22 16:15:18,391 - kovyl-lsp - INFO - Lint completed for file:///home/xlebore3o4ka/nimProjects/RawKovyl/examples/test.kvl
2026-07-22 16:15:19,591 - kovyl-lsp - INFO - Document saved: file:///home/xlebore3o4ka/nimProjects/RawKovyl/examples/test.kvl
2026-07-22 16:15:19,591 - kovyl-lsp - INFO - Lint requested for file:///home/xlebore3o4ka/nimProjects/RawKovyl/examples/test.kvl
2026-07-22 16:15:19,592 - kovyl-lsp - INFO - Running linter on: /home/xlebore3o4ka/nimProjects/RawKovyl/examples/test.kvl
2026-07-22 16:15:19,592 - kovyl-lsp - INFO - Linter returned 1 errors
2026-07-22 16:15:19,593 - kovyl-lsp - INFO - Sending diagnostics for file:///home/xlebore3o4ka/nimProjects/RawKovyl/examples/test.kvl, errors: 1
2026-07-22 16:15:19,593 - kovyl-lsp - INFO - Publishing 1 diagnostics
2026-07-22 16:15:19,593 - pygls.protocol.json_rpc - INFO - Sending data: {"params": {"uri": "file:///home/xlebore3o4ka/nimProjects/RawKovyl/examples/test.kvl", "diagnostics": [{"range": {"start": {"line": 0, "character": 14}, "end": {"line": 0, "character": 18}}, "message": "Module 'std/' was not found", "severity": 1, "code": 14, "source": "kovyl"}]}, "method": "textDocument/publishDiagnostics", "jsonrpc": "2.0"}
2026-07-22 16:15:19,593 - kovyl-lsp - INFO - Lint completed for file:///home/xlebore3o4ka/nimProjects/RawKovyl/examples/test.kvl
2026-07-22 16:15:25,756 - kovyl-lsp - INFO - Document saved: file:///home/xlebore3o4ka/nimProjects/RawKovyl/examples/test.kvl
2026-07-22 16:15:25,756 - kovyl-lsp - INFO - Lint requested for file:///home/xlebore3o4ka/nimProjects/RawKovyl/examples/test.kvl
2026-07-22 16:15:25,756 - kovyl-lsp - INFO - Running linter on: /home/xlebore3o4ka/nimProjects/RawKovyl/examples/test.kvl
2026-07-22 16:15:25,765 - kovyl-lsp - INFO - Linter returned 0 errors
2026-07-22 16:15:25,765 - kovyl-lsp - INFO - Sending diagnostics for file:///home/xlebore3o4ka/nimProjects/RawKovyl/examples/test.kvl, errors: None
2026-07-22 16:15:25,765 - kovyl-lsp - INFO - Publishing 0 diagnostics
2026-07-22 16:15:25,765 - pygls.protocol.json_rpc - INFO - Sending data: {"params": {"uri": "file:///home/xlebore3o4ka/nimProjects/RawKovyl/examples/test.kvl", "diagnostics": []}, "method": "textDocument/publishDiagnostics", "jsonrpc": "2.0"}
2026-07-22 16:15:25,765 - kovyl-lsp - INFO - Lint completed for file:///home/xlebore3o4ka/nimProjects/RawKovyl/examples/test.kvl
2026-07-22 16:15:26,942 - kovyl-lsp - INFO - Document saved: file:///home/xlebore3o4ka/nimProjects/RawKovyl/examples/test.kvl
2026-07-22 16:15:26,942 - kovyl-lsp - INFO - Lint requested for file:///home/xlebore3o4ka/nimProjects/RawKovyl/examples/test.kvl
2026-07-22 16:15:26,942 - kovyl-lsp - INFO - Running linter on: /home/xlebore3o4ka/nimProjects/RawKovyl/examples/test.kvl
2026-07-22 16:15:26,950 - kovyl-lsp - INFO - Linter returned 0 errors
2026-07-22 16:15:26,950 - kovyl-lsp - INFO - Sending diagnostics for file:///home/xlebore3o4ka/nimProjects/RawKovyl/examples/test.kvl, errors: None
2026-07-22 16:15:26,950 - kovyl-lsp - INFO - Publishing 0 diagnostics
2026-07-22 16:15:26,950 - pygls.protocol.json_rpc - INFO - Sending data: {"params": {"uri": "file:///home/xlebore3o4ka/nimProjects/RawKovyl/examples/test.kvl", "diagnostics": []}, "method": "textDocument/publishDiagnostics", "jsonrpc": "2.0"}
2026-07-22 16:15:26,950 - kovyl-lsp - INFO - Lint completed for file:///home/xlebore3o4ka/nimProjects/RawKovyl/examples/test.kvl
2026-07-22 16:15:31,093 - kovyl-lsp - INFO - Document saved: file:///home/xlebore3o4ka/nimProjects/RawKovyl/examples/test.kvl
2026-07-22 16:15:31,094 - kovyl-lsp - INFO - Lint requested for file:///home/xlebore3o4ka/nimProjects/RawKovyl/examples/test.kvl
2026-07-22 16:15:31,094 - kovyl-lsp - INFO - Running linter on: /home/xlebore3o4ka/nimProjects/RawKovyl/examples/test.kvl
2026-07-22 16:15:31,094 - kovyl-lsp - INFO - Linter returned 1 errors
2026-07-22 16:15:31,094 - kovyl-lsp - INFO - Sending diagnostics for file:///home/xlebore3o4ka/nimProjects/RawKovyl/examples/test.kvl, errors: 1
2026-07-22 16:15:31,095 - kovyl-lsp - INFO - Publishing 1 diagnostics
2026-07-22 16:15:31,095 - pygls.protocol.json_rpc - INFO - Sending data: {"params": {"uri": "file:///home/xlebore3o4ka/nimProjects/RawKovyl/examples/test.kvl", "diagnostics": [{"range": {"start": {"line": 2, "character": 6}, "end": {"line": 2, "character": 7}}, "message": "Expected expression, got end of file", "severity": 1, "code": 34, "source": "kovyl"}]}, "method": "textDocument/publishDiagnostics", "jsonrpc": "2.0"}
2026-07-22 16:15:31,095 - kovyl-lsp - INFO - Lint completed for file:///home/xlebore3o4ka/nimProjects/RawKovyl/examples/test.kvl
2026-07-22 16:15:34,639 - kovyl-lsp - INFO - Document saved: file:///home/xlebore3o4ka/nimProjects/RawKovyl/examples/test.kvl
2026-07-22 16:15:34,639 - kovyl-lsp - INFO - Lint requested for file:///home/xlebore3o4ka/nimProjects/RawKovyl/examples/test.kvl
2026-07-22 16:15:34,639 - kovyl-lsp - INFO - Running linter on: /home/xlebore3o4ka/nimProjects/RawKovyl/examples/test.kvl
2026-07-22 16:15:34,640 - kovyl-lsp - INFO - Linter returned 1 errors
2026-07-22 16:15:34,640 - kovyl-lsp - INFO - Sending diagnostics for file:///home/xlebore3o4ka/nimProjects/RawKovyl/examples/test.kvl, errors: 1
2026-07-22 16:15:34,640 - kovyl-lsp - INFO - Publishing 1 diagnostics
2026-07-22 16:15:34,640 - pygls.protocol.json_rpc - INFO - Sending data: {"params": {"uri": "file:///home/xlebore3o4ka/nimProjects/RawKovyl/examples/test.kvl", "diagnostics": [{"range": {"start": {"line": 2, "character": 9}, "end": {"line": 2, "character": 10}}, "message": "Expected identifier | number, got dot operator '.'", "severity": 1, "code": 37, "source": "kovyl"}]}, "method": "textDocument/publishDiagnostics", "jsonrpc": "2.0"}
2026-07-22 16:15:34,640 - kovyl-lsp - INFO - Lint completed for file:///home/xlebore3o4ka/nimProjects/RawKovyl/examples/test.kvl
2026-07-22 16:15:38,352 - kovyl-lsp - INFO - Document saved: file:///home/xlebore3o4ka/nimProjects/RawKovyl/examples/test.kvl
2026-07-22 16:15:38,352 - kovyl-lsp - INFO - Lint requested for file:///home/xlebore3o4ka/nimProjects/RawKovyl/examples/test.kvl
2026-07-22 16:15:38,352 - kovyl-lsp - INFO - Running linter on: /home/xlebore3o4ka/nimProjects/RawKovyl/examples/test.kvl
2026-07-22 16:15:38,360 - kovyl-lsp - INFO - Linter returned 1 errors
2026-07-22 16:15:38,360 - kovyl-lsp - INFO - Sending diagnostics for file:///home/xlebore3o4ka/nimProjects/RawKovyl/examples/test.kvl, errors: 1
2026-07-22 16:15:38,360 - kovyl-lsp - INFO - Publishing 1 diagnostics
2026-07-22 16:15:38,360 - pygls.protocol.json_rpc - INFO - Sending data: {"params": {"uri": "file:///home/xlebore3o4ka/nimProjects/RawKovyl/examples/test.kvl", "diagnostics": [{"range": {"start": {"line": 2, "character": 10}, "end": {"line": 2, "character": 14}}, "message": "Type mismatch (expected char@, got (char@@, char@) -> char@)", "severity": 1, "code": 38, "source": "kovyl"}]}, "method": "textDocument/publishDiagnostics", "jsonrpc": "2.0"}
2026-07-22 16:15:38,360 - kovyl-lsp - INFO - Lint completed for file:///home/xlebore3o4ka/nimProjects/RawKovyl/examples/test.kvl
2026-07-22 16:15:39,306 - kovyl-lsp - INFO - Document saved: file:///home/xlebore3o4ka/nimProjects/RawKovyl/examples/test.kvl
2026-07-22 16:15:39,306 - kovyl-lsp - INFO - Lint requested for file:///home/xlebore3o4ka/nimProjects/RawKovyl/examples/test.kvl
2026-07-22 16:15:39,306 - kovyl-lsp - INFO - Running linter on: /home/xlebore3o4ka/nimProjects/RawKovyl/examples/test.kvl
2026-07-22 16:15:39,315 - kovyl-lsp - INFO - Linter returned 2 errors
2026-07-22 16:15:39,315 - kovyl-lsp - INFO - Sending diagnostics for file:///home/xlebore3o4ka/nimProjects/RawKovyl/examples/test.kvl, errors: 2
2026-07-22 16:15:39,315 - kovyl-lsp - INFO - Publishing 2 diagnostics
2026-07-22 16:15:39,315 - pygls.protocol.json_rpc - INFO - Sending data: {"params": {"uri": "file:///home/xlebore3o4ka/nimProjects/RawKovyl/examples/test.kvl", "diagnostics": [{"range": {"start": {"line": 2, "character": 10}, "end": {"line": 2, "character": 14}}, "message": "The signature of the function 'join() -> char@' call does not match any of the available ones:\n- join(char@@, char@) -> char@", "severity": 1, "code": 38, "source": "kovyl"}, {"range": {"start": {"line": 2, "character": 14}, "end": {"line": 2, "character": 15}}, "message": "Type mismatch (expected char@, got undefined)", "severity": 1, "code": 42, "source": "kovyl"}]}, "method": "textDocument/publishDiagnostics", "jsonrpc": "2.0"}
2026-07-22 16:15:39,315 - kovyl-lsp - INFO - Lint completed for file:///home/xlebore3o4ka/nimProjects/RawKovyl/examples/test.kvl
2026-07-22 16:17:54,035 - kovyl-lsp - INFO - Document saved: file:///home/xlebore3o4ka/nimProjects/RawKovyl/examples/test.kvl
2026-07-22 16:17:54,035 - kovyl-lsp - INFO - Lint requested for file:///home/xlebore3o4ka/nimProjects/RawKovyl/examples/test.kvl
2026-07-22 16:17:54,035 - kovyl-lsp - INFO - Running linter on: /home/xlebore3o4ka/nimProjects/RawKovyl/examples/test.kvl
2026-07-22 16:17:54,042 - kovyl-lsp - INFO - Linter returned 3 errors
2026-07-22 16:17:54,042 - kovyl-lsp - INFO - Sending diagnostics for file:///home/xlebore3o4ka/nimProjects/RawKovyl/examples/test.kvl, errors: 3
2026-07-22 16:17:54,042 - kovyl-lsp - INFO - Publishing 3 diagnostics
2026-07-22 16:17:54,043 - pygls.protocol.json_rpc - INFO - Sending data: {"params": {"uri": "file:///home/xlebore3o4ka/nimProjects/RawKovyl/examples/test.kvl", "diagnostics": [{"range": {"start": {"line": 2, "character": 16}, "end": {"line": 2, "character": 17}}, "message": "Type mismatch (expected T[], got undefined)", "severity": 1, "code": 44, "source": "kovyl"}, {"range": {"start": {"line": 2, "character": 10}, "end": {"line": 2, "character": 14}}, "message": "The signature of the function 'join(undefined) -> char@' call does not match any of the available ones:\n- join(char@@, char@) -> char@", "severity": 1, "code": 38, "source": "kovyl"}, {"range": {"start": {"line": 2, "character": 14}, "end": {"line": 2, "character": 15}}, "message": "Type mismatch (expected char@, got undefined)", "severity": 1, "code": 42, "source": "kovyl"}]}, "method": "textDocument/publishDiagnostics", "jsonrpc": "2.0"}
2026-07-22 16:17:54,043 - kovyl-lsp - INFO - Lint completed for file:///home/xlebore3o4ka/nimProjects/RawKovyl/examples/test.kvl
2026-07-22 16:17:56,564 - kovyl-lsp - INFO - Document saved: file:///home/xlebore3o4ka/nimProjects/RawKovyl/examples/test.kvl
2026-07-22 16:17:56,565 - kovyl-lsp - INFO - Lint requested for file:///home/xlebore3o4ka/nimProjects/RawKovyl/examples/test.kvl
2026-07-22 16:17:56,565 - kovyl-lsp - INFO - Running linter on: /home/xlebore3o4ka/nimProjects/RawKovyl/examples/test.kvl
2026-07-22 16:17:56,565 - kovyl-lsp - INFO - Linter returned 3 errors
2026-07-22 16:17:56,566 - kovyl-lsp - INFO - Sending diagnostics for file:///home/xlebore3o4ka/nimProjects/RawKovyl/examples/test.kvl, errors: 3
2026-07-22 16:17:56,566 - kovyl-lsp - INFO - Publishing 3 diagnostics
2026-07-22 16:17:56,566 - pygls.protocol.json_rpc - INFO - Sending data: {"params": {"uri": "file:///home/xlebore3o4ka/nimProjects/RawKovyl/examples/test.kvl", "diagnostics": [{"range": {"start": {"line": 2, "character": 18}, "end": {"line": 2, "character": 27}}, "message": "Unclosed string literal", "severity": 1, "code": 46, "source": "kovyl"}, {"range": {"start": {"line": 2, "character": 16}, "end": {"line": 2, "character": 17}}, "message": "Unclosed bracket", "severity": 1, "code": 44, "source": "kovyl"}, {"range": {"start": {"line": 2, "character": 14}, "end": {"line": 2, "character": 15}}, "message": "Unclosed bracket", "severity": 1, "code": 42, "source": "kovyl"}]}, "method": "textDocument/publishDiagnostics", "jsonrpc": "2.0"}
2026-07-22 16:17:56,566 - kovyl-lsp - INFO - Lint completed for file:///home/xlebore3o4ka/nimProjects/RawKovyl/examples/test.kvl
2026-07-22 16:18:00,350 - kovyl-lsp - INFO - Document saved: file:///home/xlebore3o4ka/nimProjects/RawKovyl/examples/test.kvl
2026-07-22 16:18:00,350 - kovyl-lsp - INFO - Lint requested for file:///home/xlebore3o4ka/nimProjects/RawKovyl/examples/test.kvl
2026-07-22 16:18:00,350 - kovyl-lsp - INFO - Running linter on: /home/xlebore3o4ka/nimProjects/RawKovyl/examples/test.kvl
2026-07-22 16:18:00,360 - kovyl-lsp - INFO - Linter returned 2 errors
2026-07-22 16:18:00,360 - kovyl-lsp - INFO - Sending diagnostics for file:///home/xlebore3o4ka/nimProjects/RawKovyl/examples/test.kvl, errors: 2
2026-07-22 16:18:00,360 - kovyl-lsp - INFO - Publishing 2 diagnostics
2026-07-22 16:18:00,360 - pygls.protocol.json_rpc - INFO - Sending data: {"params": {"uri": "file:///home/xlebore3o4ka/nimProjects/RawKovyl/examples/test.kvl", "diagnostics": [{"range": {"start": {"line": 2, "character": 10}, "end": {"line": 2, "character": 14}}, "message": "The signature of the function 'join(char@@) -> char@' call does not match any of the available ones:\n- join(char@@, char@) -> char@", "severity": 1, "code": 38, "source": "kovyl"}, {"range": {"start": {"line": 2, "character": 14}, "end": {"line": 2, "character": 15}}, "message": "Type mismatch (expected char@, got undefined)", "severity": 1, "code": 42, "source": "kovyl"}]}, "method": "textDocument/publishDiagnostics", "jsonrpc": "2.0"}
2026-07-22 16:18:00,360 - kovyl-lsp - INFO - Lint completed for file:///home/xlebore3o4ka/nimProjects/RawKovyl/examples/test.kvl
2026-07-22 16:18:01,627 - kovyl-lsp - INFO - Document saved: file:///home/xlebore3o4ka/nimProjects/RawKovyl/examples/test.kvl
2026-07-22 16:18:01,627 - kovyl-lsp - INFO - Lint requested for file:///home/xlebore3o4ka/nimProjects/RawKovyl/examples/test.kvl
2026-07-22 16:18:01,627 - kovyl-lsp - INFO - Running linter on: /home/xlebore3o4ka/nimProjects/RawKovyl/examples/test.kvl
2026-07-22 16:18:01,636 - kovyl-lsp - INFO - Linter returned 2 errors
2026-07-22 16:18:01,636 - kovyl-lsp - INFO - Sending diagnostics for file:///home/xlebore3o4ka/nimProjects/RawKovyl/examples/test.kvl, errors: 2
2026-07-22 16:18:01,636 - kovyl-lsp - INFO - Publishing 2 diagnostics
2026-07-22 16:18:01,636 - pygls.protocol.json_rpc - INFO - Sending data: {"params": {"uri": "file:///home/xlebore3o4ka/nimProjects/RawKovyl/examples/test.kvl", "diagnostics": [{"range": {"start": {"line": 2, "character": 10}, "end": {"line": 2, "character": 14}}, "message": "The signature of the function 'join(char@@) -> char@' call does not match any of the available ones:\n- join(char@@, char@) -> char@", "severity": 1, "code": 38, "source": "kovyl"}, {"range": {"start": {"line": 2, "character": 14}, "end": {"line": 2, "character": 15}}, "message": "Type mismatch (expected char@, got undefined)", "severity": 1, "code": 42, "source": "kovyl"}]}, "method": "textDocument/publishDiagnostics", "jsonrpc": "2.0"}
2026-07-22 16:18:01,636 - kovyl-lsp - INFO - Lint completed for file:///home/xlebore3o4ka/nimProjects/RawKovyl/examples/test.kvl
2026-07-22 16:18:02,235 - kovyl-lsp - INFO - Document saved: file:///home/xlebore3o4ka/nimProjects/RawKovyl/examples/test.kvl
2026-07-22 16:18:02,235 - kovyl-lsp - INFO - Lint requested for file:///home/xlebore3o4ka/nimProjects/RawKovyl/examples/test.kvl
2026-07-22 16:18:02,235 - kovyl-lsp - INFO - Running linter on: /home/xlebore3o4ka/nimProjects/RawKovyl/examples/test.kvl
2026-07-22 16:18:02,243 - kovyl-lsp - INFO - Linter returned 2 errors
2026-07-22 16:18:02,243 - kovyl-lsp - INFO - Sending diagnostics for file:///home/xlebore3o4ka/nimProjects/RawKovyl/examples/test.kvl, errors: 2
2026-07-22 16:18:02,244 - kovyl-lsp - INFO - Publishing 2 diagnostics
2026-07-22 16:18:02,244 - pygls.protocol.json_rpc - INFO - Sending data: {"params": {"uri": "file:///home/xlebore3o4ka/nimProjects/RawKovyl/examples/test.kvl", "diagnostics": [{"range": {"start": {"line": 2, "character": 10}, "end": {"line": 2, "character": 14}}, "message": "The signature of the function 'join(char@@, char[1]) -> char@' call does not match any of the available ones:\n- join(char@@, char@) -> char@", "severity": 1, "code": 38, "source": "kovyl"}, {"range": {"start": {"line": 2, "character": 14}, "end": {"line": 2, "character": 15}}, "message": "Type mismatch (expected char@, got undefined)", "severity": 1, "code": 42, "source": "kovyl"}]}, "method": "textDocument/publishDiagnostics", "jsonrpc": "2.0"}
2026-07-22 16:18:02,244 - kovyl-lsp - INFO - Lint completed for file:///home/xlebore3o4ka/nimProjects/RawKovyl/examples/test.kvl
2026-07-22 16:18:02,920 - kovyl-lsp - INFO - Document saved: file:///home/xlebore3o4ka/nimProjects/RawKovyl/examples/test.kvl
2026-07-22 16:18:02,920 - kovyl-lsp - INFO - Lint requested for file:///home/xlebore3o4ka/nimProjects/RawKovyl/examples/test.kvl
2026-07-22 16:18:02,920 - kovyl-lsp - INFO - Running linter on: /home/xlebore3o4ka/nimProjects/RawKovyl/examples/test.kvl
2026-07-22 16:18:02,929 - kovyl-lsp - INFO - Linter returned 2 errors
2026-07-22 16:18:02,929 - kovyl-lsp - INFO - Sending diagnostics for file:///home/xlebore3o4ka/nimProjects/RawKovyl/examples/test.kvl, errors: 2
2026-07-22 16:18:02,929 - kovyl-lsp - INFO - Publishing 2 diagnostics
2026-07-22 16:18:02,929 - pygls.protocol.json_rpc - INFO - Sending data: {"params": {"uri": "file:///home/xlebore3o4ka/nimProjects/RawKovyl/examples/test.kvl", "diagnostics": [{"range": {"start": {"line": 2, "character": 10}, "end": {"line": 2, "character": 14}}, "message": "The signature of the function 'join(char@@, char[3]) -> char@' call does not match any of the available ones:\n- join(char@@, char@) -> char@", "severity": 1, "code": 38, "source": "kovyl"}, {"range": {"start": {"line": 2, "character": 14}, "end": {"line": 2, "character": 15}}, "message": "Type mismatch (expected char@, got undefined)", "severity": 1, "code": 42, "source": "kovyl"}]}, "method": "textDocument/publishDiagnostics", "jsonrpc": "2.0"}
2026-07-22 16:18:02,929 - kovyl-lsp - INFO - Lint completed for file:///home/xlebore3o4ka/nimProjects/RawKovyl/examples/test.kvl
2026-07-22 16:18:04,462 - kovyl-lsp - INFO - Document saved: file:///home/xlebore3o4ka/nimProjects/RawKovyl/examples/test.kvl
2026-07-22 16:18:04,462 - kovyl-lsp - INFO - Lint requested for file:///home/xlebore3o4ka/nimProjects/RawKovyl/examples/test.kvl
2026-07-22 16:18:04,462 - kovyl-lsp - INFO - Running linter on: /home/xlebore3o4ka/nimProjects/RawKovyl/examples/test.kvl
2026-07-22 16:18:04,470 - kovyl-lsp - INFO - Linter returned 2 errors
2026-07-22 16:18:04,470 - kovyl-lsp - INFO - Sending diagnostics for file:///home/xlebore3o4ka/nimProjects/RawKovyl/examples/test.kvl, errors: 2
2026-07-22 16:18:04,470 - kovyl-lsp - INFO - Publishing 2 diagnostics
2026-07-22 16:18:04,470 - pygls.protocol.json_rpc - INFO - Sending data: {"params": {"uri": "file:///home/xlebore3o4ka/nimProjects/RawKovyl/examples/test.kvl", "diagnostics": [{"range": {"start": {"line": 2, "character": 10}, "end": {"line": 2, "character": 14}}, "message": "The signature of the function 'join(char@@, char[3]) -> char@' call does not match any of the available ones:\n- join(char@@, char@) -> char@", "severity": 1, "code": 38, "source": "kovyl"}, {"range": {"start": {"line": 2, "character": 14}, "end": {"line": 2, "character": 15}}, "message": "Type mismatch (expected char@, got undefined)", "severity": 1, "code": 42, "source": "kovyl"}]}, "method": "textDocument/publishDiagnostics", "jsonrpc": "2.0"}
2026-07-22 16:18:04,470 - kovyl-lsp - INFO - Lint completed for file:///home/xlebore3o4ka/nimProjects/RawKovyl/examples/test.kvl
2026-07-22 16:18:11,634 - kovyl-lsp - INFO - Document saved: file:///home/xlebore3o4ka/nimProjects/RawKovyl/examples/test.kvl
2026-07-22 16:18:11,634 - kovyl-lsp - INFO - Lint requested for file:///home/xlebore3o4ka/nimProjects/RawKovyl/examples/test.kvl
2026-07-22 16:18:11,634 - kovyl-lsp - INFO - Running linter on: /home/xlebore3o4ka/nimProjects/RawKovyl/examples/test.kvl
2026-07-22 16:18:11,644 - kovyl-lsp - INFO - Linter returned 2 errors
2026-07-22 16:18:11,644 - kovyl-lsp - INFO - Sending diagnostics for file:///home/xlebore3o4ka/nimProjects/RawKovyl/examples/test.kvl, errors: 2
2026-07-22 16:18:11,644 - kovyl-lsp - INFO - Publishing 2 diagnostics
2026-07-22 16:18:11,644 - pygls.protocol.json_rpc - INFO - Sending data: {"params": {"uri": "file:///home/xlebore3o4ka/nimProjects/RawKovyl/examples/test.kvl", "diagnostics": [{"range": {"start": {"line": 2, "character": 10}, "end": {"line": 2, "character": 14}}, "message": "The signature of the function 'join(char@@, char[3]) -> char@' call does not match any of the available ones:\n- join(char@@, char@) -> char@", "severity": 1, "code": 38, "source": "kovyl"}, {"range": {"start": {"line": 2, "character": 14}, "end": {"line": 2, "character": 15}}, "message": "Type mismatch (expected char@, got undefined)", "severity": 1, "code": 42, "source": "kovyl"}]}, "method": "textDocument/publishDiagnostics", "jsonrpc": "2.0"}
2026-07-22 16:18:11,644 - kovyl-lsp - INFO - Lint completed for file:///home/xlebore3o4ka/nimProjects/RawKovyl/examples/test.kvl
2026-07-22 16:18:13,101 - kovyl-lsp - INFO - Document saved: file:///home/xlebore3o4ka/nimProjects/RawKovyl/examples/test.kvl
2026-07-22 16:18:13,101 - kovyl-lsp - INFO - Lint requested for file:///home/xlebore3o4ka/nimProjects/RawKovyl/examples/test.kvl
2026-07-22 16:18:13,101 - kovyl-lsp - INFO - Running linter on: /home/xlebore3o4ka/nimProjects/RawKovyl/examples/test.kvl
2026-07-22 16:18:13,110 - kovyl-lsp - INFO - Linter returned 2 errors
2026-07-22 16:18:13,110 - kovyl-lsp - INFO - Sending diagnostics for file:///home/xlebore3o4ka/nimProjects/RawKovyl/examples/test.kvl, errors: 2
2026-07-22 16:18:13,110 - kovyl-lsp - INFO - Publishing 2 diagnostics
2026-07-22 16:18:13,110 - pygls.protocol.json_rpc - INFO - Sending data: {"params": {"uri": "file:///home/xlebore3o4ka/nimProjects/RawKovyl/examples/test.kvl", "diagnostics": [{"range": {"start": {"line": 2, "character": 10}, "end": {"line": 2, "character": 14}}, "message": "The signature of the function 'join(char@@, char[3]) -> char@' call does not match any of the available ones:\n- join(char@@, char@) -> char@", "severity": 1, "code": 38, "source": "kovyl"}, {"range": {"start": {"line": 2, "character": 14}, "end": {"line": 2, "character": 15}}, "message": "Type mismatch (expected char@, got undefined)", "severity": 1, "code": 42, "source": "kovyl"}]}, "method": "textDocument/publishDiagnostics", "jsonrpc": "2.0"}
2026-07-22 16:18:13,110 - kovyl-lsp - INFO - Lint completed for file:///home/xlebore3o4ka/nimProjects/RawKovyl/examples/test.kvl
2026-07-22 16:18:24,315 - kovyl-lsp - INFO - Document saved: file:///home/xlebore3o4ka/nimProjects/RawKovyl/examples/test.kvl
2026-07-22 16:18:24,315 - kovyl-lsp - INFO - Lint requested for file:///home/xlebore3o4ka/nimProjects/RawKovyl/examples/test.kvl
2026-07-22 16:18:24,315 - kovyl-lsp - INFO - Running linter on: /home/xlebore3o4ka/nimProjects/RawKovyl/examples/test.kvl
2026-07-22 16:18:24,324 - kovyl-lsp - INFO - Linter returned 0 errors
2026-07-22 16:18:24,325 - kovyl-lsp - INFO - Sending diagnostics for file:///home/xlebore3o4ka/nimProjects/RawKovyl/examples/test.kvl, errors: None
2026-07-22 16:18:24,325 - kovyl-lsp - INFO - Publishing 0 diagnostics
2026-07-22 16:18:24,325 - pygls.protocol.json_rpc - INFO - Sending data: {"params": {"uri": "file:///home/xlebore3o4ka/nimProjects/RawKovyl/examples/test.kvl", "diagnostics": []}, "method": "textDocument/publishDiagnostics", "jsonrpc": "2.0"}
2026-07-22 16:18:24,325 - kovyl-lsp - INFO - Lint completed for file:///home/xlebore3o4ka/nimProjects/RawKovyl/examples/test.kvl
2026-07-22 16:18:29,998 - kovyl-lsp - INFO - Document saved: file:///home/xlebore3o4ka/nimProjects/RawKovyl/examples/test.kvl
2026-07-22 16:18:29,998 - kovyl-lsp - INFO - Lint requested for file:///home/xlebore3o4ka/nimProjects/RawKovyl/examples/test.kvl
2026-07-22 16:18:29,998 - kovyl-lsp - INFO - Running linter on: /home/xlebore3o4ka/nimProjects/RawKovyl/examples/test.kvl
2026-07-22 16:18:30,007 - kovyl-lsp - INFO - Linter returned 2 errors
2026-07-22 16:18:30,007 - kovyl-lsp - INFO - Sending diagnostics for file:///home/xlebore3o4ka/nimProjects/RawKovyl/examples/test.kvl, errors: 2
2026-07-22 16:18:30,007 - kovyl-lsp - INFO - Publishing 2 diagnostics
2026-07-22 16:18:30,007 - pygls.protocol.json_rpc - INFO - Sending data: {"params": {"uri": "file:///home/xlebore3o4ka/nimProjects/RawKovyl/examples/test.kvl", "diagnostics": [{"range": {"start": {"line": 2, "character": 10}, "end": {"line": 2, "character": 14}}, "message": "The signature of the function 'join(char@@, char[3]) -> char@' call does not match any of the available ones:\n- join(char@@, char@) -> char@", "severity": 1, "code": 38, "source": "kovyl"}, {"range": {"start": {"line": 2, "character": 14}, "end": {"line": 2, "character": 15}}, "message": "Type mismatch (expected char@, got undefined)", "severity": 1, "code": 42, "source": "kovyl"}]}, "method": "textDocument/publishDiagnostics", "jsonrpc": "2.0"}
2026-07-22 16:18:30,007 - kovyl-lsp - INFO - Lint completed for file:///home/xlebore3o4ka/nimProjects/RawKovyl/examples/test.kvl
2026-07-22 16:18:34,503 - kovyl-lsp - INFO - Document saved: file:///home/xlebore3o4ka/nimProjects/RawKovyl/examples/test.kvl
2026-07-22 16:18:34,503 - kovyl-lsp - INFO - Lint requested for file:///home/xlebore3o4ka/nimProjects/RawKovyl/examples/test.kvl
2026-07-22 16:18:34,503 - kovyl-lsp - INFO - Running linter on: /home/xlebore3o4ka/nimProjects/RawKovyl/examples/test.kvl
2026-07-22 16:18:34,512 - kovyl-lsp - INFO - Linter returned 0 errors
2026-07-22 16:18:34,512 - kovyl-lsp - INFO - Sending diagnostics for file:///home/xlebore3o4ka/nimProjects/RawKovyl/examples/test.kvl, errors: None
2026-07-22 16:18:34,512 - kovyl-lsp - INFO - Publishing 0 diagnostics
2026-07-22 16:18:34,512 - pygls.protocol.json_rpc - INFO - Sending data: {"params": {"uri": "file:///home/xlebore3o4ka/nimProjects/RawKovyl/examples/test.kvl", "diagnostics": []}, "method": "textDocument/publishDiagnostics", "jsonrpc": "2.0"}
2026-07-22 16:18:34,512 - kovyl-lsp - INFO - Lint completed for file:///home/xlebore3o4ka/nimProjects/RawKovyl/examples/test.kvl
2026-07-22 16:18:49,671 - kovyl-lsp - INFO - Document saved: file:///home/xlebore3o4ka/nimProjects/RawKovyl/examples/test.kvl
2026-07-22 16:18:49,671 - kovyl-lsp - INFO - Lint requested for file:///home/xlebore3o4ka/nimProjects/RawKovyl/examples/test.kvl
2026-07-22 16:18:49,671 - kovyl-lsp - INFO - Running linter on: /home/xlebore3o4ka/nimProjects/RawKovyl/examples/test.kvl
2026-07-22 16:18:49,680 - kovyl-lsp - INFO - Linter returned 0 errors
2026-07-22 16:18:49,680 - kovyl-lsp - INFO - Sending diagnostics for file:///home/xlebore3o4ka/nimProjects/RawKovyl/examples/test.kvl, errors: None
2026-07-22 16:18:49,680 - kovyl-lsp - INFO - Publishing 0 diagnostics
2026-07-22 16:18:49,680 - pygls.protocol.json_rpc - INFO - Sending data: {"params": {"uri": "file:///home/xlebore3o4ka/nimProjects/RawKovyl/examples/test.kvl", "diagnostics": []}, "method": "textDocument/publishDiagnostics", "jsonrpc": "2.0"}
2026-07-22 16:18:49,680 - kovyl-lsp - INFO - Lint completed for file:///home/xlebore3o4ka/nimProjects/RawKovyl/examples/test.kvl
2026-07-22 16:18:50,500 - kovyl-lsp - INFO - Document saved: file:///home/xlebore3o4ka/nimProjects/RawKovyl/examples/test.kvl
2026-07-22 16:18:50,500 - kovyl-lsp - INFO - Lint requested for file:///home/xlebore3o4ka/nimProjects/RawKovyl/examples/test.kvl
2026-07-22 16:18:50,500 - kovyl-lsp - INFO - Running linter on: /home/xlebore3o4ka/nimProjects/RawKovyl/examples/test.kvl
2026-07-22 16:18:50,501 - kovyl-lsp - INFO - Linter returned 1 errors
2026-07-22 16:18:50,501 - kovyl-lsp - INFO - Sending diagnostics for file:///home/xlebore3o4ka/nimProjects/RawKovyl/examples/test.kvl, errors: 1
2026-07-22 16:18:50,501 - kovyl-lsp - INFO - Publishing 1 diagnostics
2026-07-22 16:18:50,501 - pygls.protocol.json_rpc - INFO - Sending data: {"params": {"uri": "file:///home/xlebore3o4ka/nimProjects/RawKovyl/examples/test.kvl", "diagnostics": [{"range": {"start": {"line": 2, "character": 10}, "end": {"line": 2, "character": 11}}, "message": "Unclosed bracket", "severity": 1, "code": 38, "source": "kovyl"}]}, "method": "textDocument/publishDiagnostics", "jsonrpc": "2.0"}
2026-07-22 16:18:50,501 - kovyl-lsp - INFO - Lint completed for file:///home/xlebore3o4ka/nimProjects/RawKovyl/examples/test.kvl
2026-07-22 16:18:51,758 - kovyl-lsp - INFO - Document saved: file:///home/xlebore3o4ka/nimProjects/RawKovyl/examples/test.kvl
2026-07-22 16:18:51,758 - kovyl-lsp - INFO - Lint requested for file:///home/xlebore3o4ka/nimProjects/RawKovyl/examples/test.kvl
2026-07-22 16:18:51,758 - kovyl-lsp - INFO - Running linter on: /home/xlebore3o4ka/nimProjects/RawKovyl/examples/test.kvl
2026-07-22 16:18:51,759 - kovyl-lsp - INFO - Linter returned 1 errors
2026-07-22 16:18:51,759 - kovyl-lsp - INFO - Sending diagnostics for file:///home/xlebore3o4ka/nimProjects/RawKovyl/examples/test.kvl, errors: 1
2026-07-22 16:18:51,759 - kovyl-lsp - INFO - Publishing 1 diagnostics
2026-07-22 16:18:51,759 - pygls.protocol.json_rpc - INFO - Sending data: {"params": {"uri": "file:///home/xlebore3o4ka/nimProjects/RawKovyl/examples/test.kvl", "diagnostics": [{"range": {"start": {"line": 2, "character": 10}, "end": {"line": 2, "character": 11}}, "message": "Unclosed bracket", "severity": 1, "code": 38, "source": "kovyl"}]}, "method": "textDocument/publishDiagnostics", "jsonrpc": "2.0"}
2026-07-22 16:18:51,759 - kovyl-lsp - INFO - Lint completed for file:///home/xlebore3o4ka/nimProjects/RawKovyl/examples/test.kvl
2026-07-22 16:18:52,507 - kovyl-lsp - INFO - Document saved: file:///home/xlebore3o4ka/nimProjects/RawKovyl/examples/test.kvl
2026-07-22 16:18:52,508 - kovyl-lsp - INFO - Lint requested for file:///home/xlebore3o4ka/nimProjects/RawKovyl/examples/test.kvl
2026-07-22 16:18:52,508 - kovyl-lsp - INFO - Running linter on: /home/xlebore3o4ka/nimProjects/RawKovyl/examples/test.kvl
2026-07-22 16:18:52,516 - kovyl-lsp - INFO - Linter returned 0 errors
2026-07-22 16:18:52,516 - kovyl-lsp - INFO - Sending diagnostics for file:///home/xlebore3o4ka/nimProjects/RawKovyl/examples/test.kvl, errors: None
2026-07-22 16:18:52,517 - kovyl-lsp - INFO - Publishing 0 diagnostics
2026-07-22 16:18:52,517 - pygls.protocol.json_rpc - INFO - Sending data: {"params": {"uri": "file:///home/xlebore3o4ka/nimProjects/RawKovyl/examples/test.kvl", "diagnostics": []}, "method": "textDocument/publishDiagnostics", "jsonrpc": "2.0"}
2026-07-22 16:18:52,517 - kovyl-lsp - INFO - Lint completed for file:///home/xlebore3o4ka/nimProjects/RawKovyl/examples/test.kvl
2026-07-22 16:18:53,621 - kovyl-lsp - INFO - Document saved: file:///home/xlebore3o4ka/nimProjects/RawKovyl/examples/test.kvl
2026-07-22 16:18:53,621 - kovyl-lsp - INFO - Lint requested for file:///home/xlebore3o4ka/nimProjects/RawKovyl/examples/test.kvl
2026-07-22 16:18:53,621 - kovyl-lsp - INFO - Running linter on: /home/xlebore3o4ka/nimProjects/RawKovyl/examples/test.kvl
2026-07-22 16:18:53,629 - kovyl-lsp - INFO - Linter returned 0 errors
2026-07-22 16:18:53,629 - kovyl-lsp - INFO - Sending diagnostics for file:///home/xlebore3o4ka/nimProjects/RawKovyl/examples/test.kvl, errors: None
2026-07-22 16:18:53,629 - kovyl-lsp - INFO - Publishing 0 diagnostics
2026-07-22 16:18:53,629 - pygls.protocol.json_rpc - INFO - Sending data: {"params": {"uri": "file:///home/xlebore3o4ka/nimProjects/RawKovyl/examples/test.kvl", "diagnostics": []}, "method": "textDocument/publishDiagnostics", "jsonrpc": "2.0"}
2026-07-22 16:18:53,629 - kovyl-lsp - INFO - Lint completed for file:///home/xlebore3o4ka/nimProjects/RawKovyl/examples/test.kvl
